{"/home/travis/build/npmtest/node-npmtest-eazy-logger/test.js":{"path":"/home/travis/build/npmtest/node-npmtest-eazy-logger/test.js","s":{"1":2,"2":2,"3":2,"4":2,"5":2,"6":2,"7":2,"8":1,"9":2,"10":2,"11":1,"12":1,"13":1,"14":1,"15":2,"16":2,"17":2,"18":2,"19":1,"20":1,"21":2,"22":2,"23":2,"24":1,"25":1,"26":1,"27":1,"28":1,"29":1,"30":1,"31":1,"32":1,"33":1,"34":1,"35":1,"36":1,"37":1,"38":1,"39":2,"40":2,"41":1,"42":2,"43":2,"44":1,"45":2,"46":2,"47":1,"48":2,"49":2,"50":1,"51":1,"52":1,"53":1,"54":1},"b":{"1":[2,1,1,1],"2":[1,1,1,1],"3":[1,1],"4":[1,1],"5":[1,1],"6":[1,1],"7":[1,1],"8":[1,1],"9":[1,1],"10":[1,1,1],"11":[1,1],"12":[1,1],"13":[1,1],"14":[1,1],"15":[1,1],"16":[1,1],"17":[1,1]},"f":{"1":2,"2":2,"3":2,"4":2,"5":2,"6":1,"7":1,"8":1,"9":2,"10":2,"11":2,"12":2,"13":1},"fnMap":{"1":{"name":"(anonymous_1)","line":12,"loc":{"start":{"line":12,"column":1},"end":{"line":12,"column":13}}},"2":{"name":"(anonymous_2)","line":19,"loc":{"start":{"line":19,"column":5},"end":{"line":19,"column":17}}},"3":{"name":"(anonymous_3)","line":23,"loc":{"start":{"line":23,"column":24},"end":{"line":23,"column":36}}},"4":{"name":"(anonymous_4)","line":61,"loc":{"start":{"line":61,"column":5},"end":{"line":61,"column":17}}},"5":{"name":"(anonymous_5)","line":82,"loc":{"start":{"line":82,"column":5},"end":{"line":82,"column":17}}},"6":{"name":"(anonymous_6)","line":91,"loc":{"start":{"line":91,"column":77},"end":{"line":94,"column":10}}},"7":{"name":"(anonymous_7)","line":112,"loc":{"start":{"line":112,"column":83},"end":{"line":115,"column":10}},"skip":true},"8":{"name":"(anonymous_8)","line":123,"loc":{"start":{"line":123,"column":77},"end":{"line":126,"column":10}},"skip":true},"9":{"name":"(anonymous_9)","line":139,"loc":{"start":{"line":139,"column":12},"end":{"line":139,"column":40}},"skip":true},"10":{"name":"(anonymous_10)","line":147,"loc":{"start":{"line":147,"column":77},"end":{"line":150,"column":10}},"skip":true},"11":{"name":"(anonymous_11)","line":158,"loc":{"start":{"line":158,"column":83},"end":{"line":161,"column":10}},"skip":true},"12":{"name":"(anonymous_12)","line":169,"loc":{"start":{"line":169,"column":79},"end":{"line":172,"column":10}},"skip":true},"13":{"name":"(anonymous_13)","line":180,"loc":{"start":{"line":180,"column":75},"end":{"line":183,"column":10}},"skip":true}},"statementMap":{"1":{"start":{"line":12,"column":0},"end":{"line":195,"column":5}},"2":{"start":{"line":14,"column":4},"end":{"line":14,"column":14}},"3":{"start":{"line":19,"column":4},"end":{"line":56,"column":9}},"4":{"start":{"line":21,"column":8},"end":{"line":21,"column":19}},"5":{"start":{"line":23,"column":8},"end":{"line":35,"column":13}},"6":{"start":{"line":24,"column":12},"end":{"line":34,"column":13}},"7":{"start":{"line":25,"column":16},"end":{"line":28,"column":30}},"8":{"start":{"line":30,"column":16},"end":{"line":33,"column":27}},"9":{"start":{"line":37,"column":8},"end":{"line":39,"column":21}},"10":{"start":{"line":40,"column":8},"end":{"line":53,"column":9}},"11":{"start":{"line":43,"column":12},"end":{"line":46,"column":14}},"12":{"start":{"line":47,"column":12},"end":{"line":47,"column":18}},"13":{"start":{"line":50,"column":12},"end":{"line":51,"column":46}},"14":{"start":{"line":52,"column":12},"end":{"line":52,"column":18}},"15":{"start":{"line":55,"column":8},"end":{"line":55,"column":35}},"16":{"start":{"line":61,"column":4},"end":{"line":63,"column":9}},"17":{"start":{"line":62,"column":8},"end":{"line":62,"column":15}},"18":{"start":{"line":64,"column":4},"end":{"line":77,"column":5}},"19":{"start":{"line":70,"column":8},"end":{"line":70,"column":14}},"20":{"start":{"line":76,"column":8},"end":{"line":76,"column":14}},"21":{"start":{"line":82,"column":4},"end":{"line":84,"column":9}},"22":{"start":{"line":83,"column":8},"end":{"line":83,"column":15}},"23":{"start":{"line":85,"column":4},"end":{"line":194,"column":5}},"24":{"start":{"line":91,"column":8},"end":{"line":99,"column":10}},"25":{"start":{"line":98,"column":12},"end":{"line":98,"column":35}},"26":{"start":{"line":102,"column":8},"end":{"line":104,"column":63}},"27":{"start":{"line":105,"column":8},"end":{"line":105,"column":14}},"28":{"start":{"line":112,"column":8},"end":{"line":121,"column":10},"skip":true},"29":{"start":{"line":119,"column":12},"end":{"line":119,"column":55},"skip":true},"30":{"start":{"line":120,"column":12},"end":{"line":120,"column":48},"skip":true},"31":{"start":{"line":123,"column":8},"end":{"line":136,"column":10},"skip":true},"32":{"start":{"line":130,"column":12},"end":{"line":130,"column":76},"skip":true},"33":{"start":{"line":131,"column":12},"end":{"line":131,"column":73},"skip":true},"34":{"start":{"line":132,"column":12},"end":{"line":132,"column":74},"skip":true},"35":{"start":{"line":133,"column":12},"end":{"line":133,"column":79},"skip":true},"36":{"start":{"line":134,"column":12},"end":{"line":134,"column":25},"skip":true},"37":{"start":{"line":135,"column":12},"end":{"line":135,"column":45},"skip":true},"38":{"start":{"line":138,"column":8},"end":{"line":145,"column":14},"skip":true},"39":{"start":{"line":143,"column":16},"end":{"line":143,"column":29},"skip":true},"40":{"start":{"line":144,"column":16},"end":{"line":144,"column":55},"skip":true},"41":{"start":{"line":147,"column":8},"end":{"line":156,"column":10},"skip":true},"42":{"start":{"line":154,"column":12},"end":{"line":154,"column":25},"skip":true},"43":{"start":{"line":155,"column":12},"end":{"line":155,"column":45},"skip":true},"44":{"start":{"line":158,"column":8},"end":{"line":167,"column":10},"skip":true},"45":{"start":{"line":165,"column":12},"end":{"line":165,"column":25},"skip":true},"46":{"start":{"line":166,"column":12},"end":{"line":166,"column":48},"skip":true},"47":{"start":{"line":169,"column":8},"end":{"line":178,"column":10},"skip":true},"48":{"start":{"line":176,"column":12},"end":{"line":176,"column":25},"skip":true},"49":{"start":{"line":177,"column":12},"end":{"line":177,"column":46},"skip":true},"50":{"start":{"line":180,"column":8},"end":{"line":189,"column":10},"skip":true},"51":{"start":{"line":187,"column":12},"end":{"line":187,"column":94},"skip":true},"52":{"start":{"line":188,"column":12},"end":{"line":188,"column":48},"skip":true},"53":{"start":{"line":192,"column":8},"end":{"line":192,"column":35},"skip":true},"54":{"start":{"line":193,"column":8},"end":{"line":193,"column":14},"skip":true}},"branchMap":{"1":{"line":25,"type":"binary-expr","locations":[{"start":{"line":25,"column":23},"end":{"line":25,"column":62}},{"start":{"line":26,"column":20},"end":{"line":26,"column":70}},{"start":{"line":27,"column":20},"end":{"line":27,"column":71}},{"start":{"line":28,"column":20},"end":{"line":28,"column":29}}]},"2":{"line":30,"type":"binary-expr","locations":[{"start":{"line":30,"column":23},"end":{"line":30,"column":37}},{"start":{"line":31,"column":20},"end":{"line":31,"column":61}},{"start":{"line":32,"column":20},"end":{"line":32,"column":70}},{"start":{"line":33,"column":20},"end":{"line":33,"column":26}}]},"3":{"line":37,"type":"cond-expr","locations":[{"start":{"line":38,"column":14},"end":{"line":38,"column":20}},{"start":{"line":39,"column":14},"end":{"line":39,"column":20}}]},"4":{"line":40,"type":"switch","locations":[{"start":{"line":42,"column":8},"end":{"line":47,"column":18}},{"start":{"line":49,"column":8},"end":{"line":52,"column":18}}]},"5":{"line":44,"type":"binary-expr","locations":[{"start":{"line":44,"column":16},"end":{"line":44,"column":44}},{"start":{"line":44,"column":48},"end":{"line":44,"column":66}}]},"6":{"line":50,"type":"binary-expr","locations":[{"start":{"line":50,"column":21},"end":{"line":50,"column":49}},{"start":{"line":50,"column":53},"end":{"line":50,"column":72}}]},"7":{"line":64,"type":"switch","locations":[{"start":{"line":69,"column":4},"end":{"line":70,"column":14}},{"start":{"line":75,"column":4},"end":{"line":76,"column":14}}]},"8":{"line":85,"type":"switch","locations":[{"start":{"line":90,"column":4},"end":{"line":105,"column":14}},{"start":{"line":111,"column":4},"end":{"line":193,"column":14},"skip":true}]},"9":{"line":91,"type":"binary-expr","locations":[{"start":{"line":91,"column":42},"end":{"line":91,"column":73}},{"start":{"line":91,"column":77},"end":{"line":99,"column":9}}]},"10":{"line":102,"type":"binary-expr","locations":[{"start":{"line":102,"column":18},"end":{"line":102,"column":32}},{"start":{"line":103,"column":12},"end":{"line":103,"column":53}},{"start":{"line":104,"column":12},"end":{"line":104,"column":61}}]},"11":{"line":112,"type":"binary-expr","locations":[{"start":{"line":112,"column":45},"end":{"line":112,"column":79},"skip":true},{"start":{"line":112,"column":83},"end":{"line":121,"column":9},"skip":true}]},"12":{"line":123,"type":"binary-expr","locations":[{"start":{"line":123,"column":42},"end":{"line":123,"column":73},"skip":true},{"start":{"line":123,"column":77},"end":{"line":136,"column":9},"skip":true}]},"13":{"line":138,"type":"binary-expr","locations":[{"start":{"line":138,"column":48},"end":{"line":138,"column":85},"skip":true},{"start":{"line":139,"column":12},"end":{"line":145,"column":13},"skip":true}]},"14":{"line":147,"type":"binary-expr","locations":[{"start":{"line":147,"column":42},"end":{"line":147,"column":73},"skip":true},{"start":{"line":147,"column":77},"end":{"line":156,"column":9},"skip":true}]},"15":{"line":158,"type":"binary-expr","locations":[{"start":{"line":158,"column":45},"end":{"line":158,"column":79},"skip":true},{"start":{"line":158,"column":83},"end":{"line":167,"column":9},"skip":true}]},"16":{"line":169,"type":"binary-expr","locations":[{"start":{"line":169,"column":43},"end":{"line":169,"column":75},"skip":true},{"start":{"line":169,"column":79},"end":{"line":178,"column":9},"skip":true}]},"17":{"line":180,"type":"binary-expr","locations":[{"start":{"line":180,"column":41},"end":{"line":180,"column":71},"skip":true},{"start":{"line":180,"column":75},"end":{"line":189,"column":9},"skip":true}]}},"code":["/* istanbul instrument in package npmtest_eazy_logger */","/*jslint","    bitwise: true,","    browser: true,","    maxerr: 8,","    maxlen: 96,","    node: true,","    nomen: true,","    regexp: true,","    stupid: true","*/","(function () {","    'use strict';","    var local;","","","","    // run shared js-env code - pre-init","    (function () {","        // init local","        local = {};","        // init modeJs","        local.modeJs = (function () {","            try {","                return typeof navigator.userAgent === 'string' &&","                    typeof document.querySelector('body') === 'object' &&","                    typeof XMLHttpRequest.prototype.open === 'function' &&","                    'browser';","            } catch (errorCaughtBrowser) {","                return module.exports &&","                    typeof process.versions.node === 'string' &&","                    typeof require('http').createServer === 'function' &&","                    'node';","            }","        }());","        // init global","        local.global = local.modeJs === 'browser'","            ? window","            : global;","        switch (local.modeJs) {","        // re-init local from window.local","        case 'browser':","            local = local.global.utility2.objectSetDefault(","                local.global.utility2_rollup || local.global.local,","                local.global.utility2","            );","            break;","        // re-init local from example.js","        case 'node':","            local = (local.global.utility2_rollup || require('utility2'))","                .requireExampleJsFromReadme();","            break;","        }","        // export local","        local.global.local = local;","    }());","","","","    // run shared js-env code - function","    (function () {","        return;","    }());","    switch (local.modeJs) {","","","","    // run browser js-env code - function","    case 'browser':","        break;","","","","    // run node js-env code - function","    case 'node':","        break;","    }","","","","    // run shared js-env code - post-init","    (function () {","        return;","    }());","    switch (local.modeJs) {","","","","    // run browser js-env code - post-init","    case 'browser':","        local.testCase_browser_nullCase = local.testCase_browser_nullCase || function (","            options,","            onError","        ) {","        /*","         * this function will test browsers's null-case handling-behavior-behavior","         */","            onError(null, options);","        };","","        // run tests","        local.nop(local.modeTest &&","            document.querySelector('#testRunButton1') &&","            document.querySelector('#testRunButton1').click());","        break;","","","","    // run node js-env code - post-init","    /* istanbul ignore next */","    case 'node':","        local.testCase_buildApidoc_default = local.testCase_buildApidoc_default || function (","            options,","            onError","        ) {","        /*","         * this function will test buildApidoc's default handling-behavior-behavior","         */","            options = { modulePathList: module.paths };","            local.buildApidoc(options, onError);","        };","","        local.testCase_buildApp_default = local.testCase_buildApp_default || function (","            options,","            onError","        ) {","        /*","         * this function will test buildApp's default handling-behavior-behavior","         */","            local.testCase_buildReadme_default(options, local.onErrorThrow);","            local.testCase_buildLib_default(options, local.onErrorThrow);","            local.testCase_buildTest_default(options, local.onErrorThrow);","            local.testCase_buildCustomOrg_default(options, local.onErrorThrow);","            options = [];","            local.buildApp(options, onError);","        };","","        local.testCase_buildCustomOrg_default = local.testCase_buildCustomOrg_default ||","            function (options, onError) {","            /*","             * this function will test buildCustomOrg's default handling-behavior","             */","                options = {};","                local.buildCustomOrg(options, onError);","            };","","        local.testCase_buildLib_default = local.testCase_buildLib_default || function (","            options,","            onError","        ) {","        /*","         * this function will test buildLib's default handling-behavior","         */","            options = {};","            local.buildLib(options, onError);","        };","","        local.testCase_buildReadme_default = local.testCase_buildReadme_default || function (","            options,","            onError","        ) {","        /*","         * this function will test buildReadme's default handling-behavior-behavior","         */","            options = {};","            local.buildReadme(options, onError);","        };","","        local.testCase_buildTest_default = local.testCase_buildTest_default || function (","            options,","            onError","        ) {","        /*","         * this function will test buildTest's default handling-behavior","         */","            options = {};","            local.buildTest(options, onError);","        };","","        local.testCase_webpage_default = local.testCase_webpage_default || function (","            options,","            onError","        ) {","        /*","         * this function will test webpage's default handling-behavior","         */","            options = { modeCoverageMerge: true, url: local.serverLocalHost + '?modeTest=1' };","            local.browserTest(options, onError);","        };","","        // run test-server","        local.testRunServer(local);","        break;","    }","}());",""],"l":{"12":2,"14":2,"19":2,"21":2,"23":2,"24":2,"25":2,"30":1,"37":2,"40":2,"43":1,"47":1,"50":1,"52":1,"55":2,"61":2,"62":2,"64":2,"70":1,"76":1,"82":2,"83":2,"85":2,"91":1,"98":1,"102":1,"105":1,"112":1,"119":1,"120":1,"123":1,"130":1,"131":1,"132":1,"133":1,"134":1,"135":1,"138":1,"143":2,"144":2,"147":1,"154":2,"155":2,"158":1,"165":2,"166":2,"169":1,"176":2,"177":2,"180":1,"187":1,"188":1,"192":1,"193":1}},"/home/travis/build/npmtest/node-npmtest-eazy-logger/lib.npmtest_eazy_logger.js":{"path":"/home/travis/build/npmtest/node-npmtest-eazy-logger/lib.npmtest_eazy_logger.js","s":{"1":2,"2":2,"3":2,"4":2,"5":2,"6":2,"7":2,"8":1,"9":2,"10":2,"11":2,"12":2,"13":1,"14":1,"15":1,"16":1},"b":{"1":[2,1,1,1],"2":[1,1,1,1],"3":[1,1],"4":[2,2],"5":[1,1]},"f":{"1":2,"2":2,"3":2},"fnMap":{"1":{"name":"(anonymous_1)","line":12,"loc":{"start":{"line":12,"column":1},"end":{"line":12,"column":13}}},"2":{"name":"(anonymous_2)","line":19,"loc":{"start":{"line":19,"column":5},"end":{"line":19,"column":17}}},"3":{"name":"(anonymous_3)","line":23,"loc":{"start":{"line":23,"column":24},"end":{"line":23,"column":36}}}},"statementMap":{"1":{"start":{"line":12,"column":0},"end":{"line":53,"column":5}},"2":{"start":{"line":14,"column":4},"end":{"line":14,"column":14}},"3":{"start":{"line":19,"column":4},"end":{"line":52,"column":9}},"4":{"start":{"line":21,"column":8},"end":{"line":21,"column":19}},"5":{"start":{"line":23,"column":8},"end":{"line":35,"column":13}},"6":{"start":{"line":24,"column":12},"end":{"line":34,"column":13}},"7":{"start":{"line":25,"column":16},"end":{"line":28,"column":30}},"8":{"start":{"line":30,"column":16},"end":{"line":33,"column":27}},"9":{"start":{"line":37,"column":8},"end":{"line":39,"column":21}},"10":{"start":{"line":41,"column":8},"end":{"line":41,"column":54}},"11":{"start":{"line":43,"column":8},"end":{"line":43,"column":56}},"12":{"start":{"line":45,"column":8},"end":{"line":51,"column":9}},"13":{"start":{"line":46,"column":12},"end":{"line":46,"column":62}},"14":{"start":{"line":48,"column":12},"end":{"line":48,"column":35}},"15":{"start":{"line":49,"column":12},"end":{"line":49,"column":49}},"16":{"start":{"line":50,"column":12},"end":{"line":50,"column":43}}},"branchMap":{"1":{"line":25,"type":"binary-expr","locations":[{"start":{"line":25,"column":23},"end":{"line":25,"column":62}},{"start":{"line":26,"column":20},"end":{"line":26,"column":70}},{"start":{"line":27,"column":20},"end":{"line":27,"column":71}},{"start":{"line":28,"column":20},"end":{"line":28,"column":29}}]},"2":{"line":30,"type":"binary-expr","locations":[{"start":{"line":30,"column":23},"end":{"line":30,"column":37}},{"start":{"line":31,"column":20},"end":{"line":31,"column":61}},{"start":{"line":32,"column":20},"end":{"line":32,"column":70}},{"start":{"line":33,"column":20},"end":{"line":33,"column":26}}]},"3":{"line":37,"type":"cond-expr","locations":[{"start":{"line":38,"column":14},"end":{"line":38,"column":20}},{"start":{"line":39,"column":14},"end":{"line":39,"column":20}}]},"4":{"line":41,"type":"binary-expr","locations":[{"start":{"line":41,"column":16},"end":{"line":41,"column":44}},{"start":{"line":41,"column":48},"end":{"line":41,"column":53}}]},"5":{"line":45,"type":"if","locations":[{"start":{"line":45,"column":8},"end":{"line":45,"column":8}},{"start":{"line":45,"column":8},"end":{"line":45,"column":8}}]}},"code":["/* istanbul instrument in package npmtest_eazy_logger */","/*jslint","    bitwise: true,","    browser: true,","    maxerr: 8,","    maxlen: 96,","    node: true,","    nomen: true,","    regexp: true,","    stupid: true","*/","(function () {","    'use strict';","    var local;","","","","    // run shared js-env code - pre-init","    (function () {","        // init local","        local = {};","        // init modeJs","        local.modeJs = (function () {","            try {","                return typeof navigator.userAgent === 'string' &&","                    typeof document.querySelector('body') === 'object' &&","                    typeof XMLHttpRequest.prototype.open === 'function' &&","                    'browser';","            } catch (errorCaughtBrowser) {","                return module.exports &&","                    typeof process.versions.node === 'string' &&","                    typeof require('http').createServer === 'function' &&","                    'node';","            }","        }());","        // init global","        local.global = local.modeJs === 'browser'","            ? window","            : global;","        // init utility2_rollup","        local = local.global.utility2_rollup || local;","        // init lib","        local.local = local.npmtest_eazy_logger = local;","        // init exports","        if (local.modeJs === 'browser') {","            local.global.utility2_npmtest_eazy_logger = local;","        } else {","            module.exports = local;","            module.exports.__dirname = __dirname;","            module.exports.module = module;","        }","    }());","}());",""],"l":{"12":2,"14":2,"19":2,"21":2,"23":2,"24":2,"25":2,"30":1,"37":2,"41":2,"43":2,"45":2,"46":1,"48":1,"49":1,"50":1}},"/home/travis/build/npmtest/node-npmtest-eazy-logger/example.js":{"path":"/home/travis/build/npmtest/node-npmtest-eazy-logger/example.js","s":{"1":2,"2":2,"3":2,"4":2,"5":2,"6":2,"7":2,"8":1,"9":2,"10":2,"11":2,"12":2,"13":1,"14":2,"15":2,"16":2,"17":2,"18":2,"19":0,"20":2,"21":1,"22":1,"23":1,"24":1,"25":1,"26":0,"27":0,"28":1,"29":1,"30":2,"31":0,"32":0,"33":0,"34":1,"35":2,"36":2,"37":3,"38":3,"39":3,"40":3,"41":0,"42":3,"43":3,"44":3,"45":1,"46":3,"47":1,"48":1,"49":1,"50":1,"51":1,"52":1,"53":1,"54":1,"55":1,"56":1,"57":0,"58":1,"59":6,"60":6,"61":1,"62":2,"63":0,"64":2,"65":1,"66":1,"67":0,"68":0,"69":0,"70":0,"71":0,"72":0,"73":0,"74":0,"75":0,"76":0,"77":0,"78":0,"79":0,"80":0,"81":0,"82":0,"83":0},"b":{"1":[2,1,1,1],"2":[1,1,1,1],"3":[1,1],"4":[2,2],"5":[1,1],"6":[1,1],"7":[2,0],"8":[2,1,1,1,1,1],"9":[0,2,0],"10":[1,1],"11":[2,1,1],"12":[1,0],"13":[0,2],"14":[2,0,0,0,0,0,0],"15":[0,3],"16":[3,0],"17":[1,1],"18":[0,1],"19":[1,2,0,2],"20":[1,0],"21":[1,1],"22":[0,0],"23":[0,0],"24":[0,0],"25":[0,0],"26":[0,0],"27":[0,0],"28":[0,0]},"f":{"1":2,"2":2,"3":2,"4":2,"5":2,"6":2,"7":3,"8":3,"9":3,"10":1,"11":6,"12":0},"fnMap":{"1":{"name":"(anonymous_1)","line":26,"loc":{"start":{"line":26,"column":1},"end":{"line":26,"column":13}}},"2":{"name":"(anonymous_2)","line":33,"loc":{"start":{"line":33,"column":5},"end":{"line":33,"column":17}}},"3":{"name":"(anonymous_3)","line":37,"loc":{"start":{"line":37,"column":24},"end":{"line":37,"column":36}}},"4":{"name":"(anonymous_4)","line":69,"loc":{"start":{"line":69,"column":31},"end":{"line":69,"column":48}},"skip":true},"5":{"name":"(anonymous_5)","line":78,"loc":{"start":{"line":78,"column":26},"end":{"line":78,"column":45}},"skip":true},"6":{"name":"(anonymous_6)","line":123,"loc":{"start":{"line":123,"column":33},"end":{"line":123,"column":48}},"skip":true},"7":{"name":"(anonymous_7)","line":125,"loc":{"start":{"line":125,"column":27},"end":{"line":125,"column":39}},"skip":true},"8":{"name":"(anonymous_8)","line":133,"loc":{"start":{"line":133,"column":59},"end":{"line":133,"column":74}},"skip":true},"9":{"name":"(anonymous_9)","line":143,"loc":{"start":{"line":143,"column":45},"end":{"line":143,"column":62}},"skip":true},"10":{"name":"(anonymous_10)","line":144,"loc":{"start":{"line":144,"column":73},"end":{"line":144,"column":92}},"skip":true},"11":{"name":"(anonymous_11)","line":272,"loc":{"start":{"line":272,"column":51},"end":{"line":272,"column":77}},"skip":true},"12":{"name":"(anonymous_12)","line":315,"loc":{"start":{"line":315,"column":32},"end":{"line":315,"column":61}},"skip":true}},"statementMap":{"1":{"start":{"line":26,"column":0},"end":{"line":326,"column":5}},"2":{"start":{"line":28,"column":4},"end":{"line":28,"column":14}},"3":{"start":{"line":33,"column":4},"end":{"line":60,"column":9}},"4":{"start":{"line":35,"column":8},"end":{"line":35,"column":19}},"5":{"start":{"line":37,"column":8},"end":{"line":49,"column":13}},"6":{"start":{"line":38,"column":12},"end":{"line":48,"column":13}},"7":{"start":{"line":39,"column":16},"end":{"line":42,"column":30}},"8":{"start":{"line":44,"column":16},"end":{"line":47,"column":27}},"9":{"start":{"line":51,"column":8},"end":{"line":53,"column":21}},"10":{"start":{"line":55,"column":8},"end":{"line":57,"column":45}},"11":{"start":{"line":59,"column":8},"end":{"line":59,"column":35}},"12":{"start":{"line":61,"column":4},"end":{"line":325,"column":5}},"13":{"start":{"line":69,"column":8},"end":{"line":121,"column":10},"skip":true},"14":{"start":{"line":70,"column":12},"end":{"line":88,"column":13},"skip":true},"15":{"start":{"line":76,"column":16},"end":{"line":87,"column":19},"skip":true},"16":{"start":{"line":79,"column":20},"end":{"line":86,"column":21},"skip":true},"17":{"start":{"line":82,"column":24},"end":{"line":82,"column":43},"skip":true},"18":{"start":{"line":83,"column":24},"end":{"line":83,"column":30},"skip":true},"19":{"start":{"line":85,"column":24},"end":{"line":85,"column":49},"skip":true},"20":{"start":{"line":89,"column":12},"end":{"line":107,"column":13},"skip":true},"21":{"start":{"line":92,"column":16},"end":{"line":102,"column":17},"skip":true},"22":{"start":{"line":93,"column":20},"end":{"line":93,"column":86},"skip":true},"23":{"start":{"line":94,"column":20},"end":{"line":95,"column":45},"skip":true},"24":{"start":{"line":96,"column":20},"end":{"line":96,"column":42},"skip":true},"25":{"start":{"line":97,"column":20},"end":{"line":97,"column":48},"skip":true},"26":{"start":{"line":100,"column":20},"end":{"line":100,"column":85},"skip":true},"27":{"start":{"line":101,"column":20},"end":{"line":101,"column":96},"skip":true},"28":{"start":{"line":103,"column":16},"end":{"line":103,"column":22},"skip":true},"29":{"start":{"line":106,"column":16},"end":{"line":106,"column":22},"skip":true},"30":{"start":{"line":108,"column":12},"end":{"line":120,"column":13},"skip":true},"31":{"start":{"line":114,"column":16},"end":{"line":119,"column":17},"skip":true},"32":{"start":{"line":116,"column":20},"end":{"line":116,"column":78},"skip":true},"33":{"start":{"line":118,"column":20},"end":{"line":118,"column":47},"skip":true},"34":{"start":{"line":123,"column":8},"end":{"line":141,"column":11},"skip":true},"35":{"start":{"line":124,"column":12},"end":{"line":124,"column":54},"skip":true},"36":{"start":{"line":125,"column":12},"end":{"line":140,"column":14},"skip":true},"37":{"start":{"line":126,"column":16},"end":{"line":126,"column":28},"skip":true},"38":{"start":{"line":127,"column":16},"end":{"line":127,"column":69},"skip":true},"39":{"start":{"line":128,"column":16},"end":{"line":128,"column":75},"skip":true},"40":{"start":{"line":129,"column":16},"end":{"line":131,"column":17},"skip":true},"41":{"start":{"line":130,"column":20},"end":{"line":130,"column":27},"skip":true},"42":{"start":{"line":133,"column":16},"end":{"line":137,"column":36},"skip":true},"43":{"start":{"line":134,"column":20},"end":{"line":136,"column":55},"skip":true},"44":{"start":{"line":139,"column":16},"end":{"line":139,"column":57},"skip":true},"45":{"start":{"line":143,"column":8},"end":{"line":147,"column":11},"skip":true},"46":{"start":{"line":144,"column":12},"end":{"line":146,"column":15},"skip":true},"47":{"start":{"line":145,"column":16},"end":{"line":145,"column":70},"skip":true},"48":{"start":{"line":149,"column":8},"end":{"line":149,"column":31},"skip":true},"49":{"start":{"line":150,"column":8},"end":{"line":150,"column":14},"skip":true},"50":{"start":{"line":158,"column":8},"end":{"line":158,"column":31},"skip":true},"51":{"start":{"line":160,"column":8},"end":{"line":160,"column":33},"skip":true},"52":{"start":{"line":161,"column":8},"end":{"line":161,"column":37},"skip":true},"53":{"start":{"line":162,"column":8},"end":{"line":162,"column":35},"skip":true},"54":{"start":{"line":164,"column":8},"end":{"line":164,"column":50},"skip":true},"55":{"start":{"line":166,"column":8},"end":{"line":256,"column":2},"skip":true},"56":{"start":{"line":258,"column":8},"end":{"line":286,"column":9},"skip":true},"57":{"start":{"line":259,"column":12},"end":{"line":269,"column":14},"skip":true},"58":{"start":{"line":271,"column":12},"end":{"line":285,"column":19},"skip":true},"59":{"start":{"line":274,"column":20},"end":{"line":274,"column":35},"skip":true},"60":{"start":{"line":275,"column":20},"end":{"line":284,"column":21},"skip":true},"61":{"start":{"line":277,"column":24},"end":{"line":277,"column":64},"skip":true},"62":{"start":{"line":279,"column":24},"end":{"line":279,"column":40},"skip":true},"63":{"start":{"line":281,"column":24},"end":{"line":281,"column":40},"skip":true},"64":{"start":{"line":283,"column":24},"end":{"line":283,"column":39},"skip":true},"65":{"start":{"line":288,"column":8},"end":{"line":290,"column":9},"skip":true},"66":{"start":{"line":289,"column":12},"end":{"line":289,"column":18},"skip":true},"67":{"start":{"line":291,"column":8},"end":{"line":293,"column":54},"skip":true},"68":{"start":{"line":296,"column":8},"end":{"line":301,"column":37},"skip":true},"69":{"start":{"line":303,"column":8},"end":{"line":303,"column":82},"skip":true},"70":{"start":{"line":306,"column":8},"end":{"line":308,"column":9},"skip":true},"71":{"start":{"line":307,"column":12},"end":{"line":307,"column":82},"skip":true},"72":{"start":{"line":310,"column":8},"end":{"line":312,"column":9},"skip":true},"73":{"start":{"line":311,"column":12},"end":{"line":311,"column":18},"skip":true},"74":{"start":{"line":313,"column":8},"end":{"line":313,"column":54},"skip":true},"75":{"start":{"line":314,"column":8},"end":{"line":314,"column":69},"skip":true},"76":{"start":{"line":315,"column":8},"end":{"line":323,"column":36},"skip":true},"77":{"start":{"line":316,"column":12},"end":{"line":316,"column":61},"skip":true},"78":{"start":{"line":317,"column":12},"end":{"line":320,"column":13},"skip":true},"79":{"start":{"line":318,"column":16},"end":{"line":318,"column":75},"skip":true},"80":{"start":{"line":319,"column":16},"end":{"line":319,"column":23},"skip":true},"81":{"start":{"line":321,"column":12},"end":{"line":321,"column":38},"skip":true},"82":{"start":{"line":322,"column":12},"end":{"line":322,"column":27},"skip":true},"83":{"start":{"line":324,"column":8},"end":{"line":324,"column":14},"skip":true}},"branchMap":{"1":{"line":39,"type":"binary-expr","locations":[{"start":{"line":39,"column":23},"end":{"line":39,"column":62}},{"start":{"line":40,"column":20},"end":{"line":40,"column":70}},{"start":{"line":41,"column":20},"end":{"line":41,"column":71}},{"start":{"line":42,"column":20},"end":{"line":42,"column":29}}]},"2":{"line":44,"type":"binary-expr","locations":[{"start":{"line":44,"column":23},"end":{"line":44,"column":37}},{"start":{"line":45,"column":20},"end":{"line":45,"column":61}},{"start":{"line":46,"column":20},"end":{"line":46,"column":70}},{"start":{"line":47,"column":20},"end":{"line":47,"column":26}}]},"3":{"line":51,"type":"cond-expr","locations":[{"start":{"line":52,"column":14},"end":{"line":52,"column":20}},{"start":{"line":53,"column":14},"end":{"line":53,"column":20}}]},"4":{"line":55,"type":"binary-expr","locations":[{"start":{"line":55,"column":16},"end":{"line":55,"column":44}},{"start":{"line":55,"column":49},"end":{"line":57,"column":43}}]},"5":{"line":55,"type":"cond-expr","locations":[{"start":{"line":56,"column":14},"end":{"line":56,"column":55}},{"start":{"line":57,"column":14},"end":{"line":57,"column":43}}]},"6":{"line":61,"type":"switch","locations":[{"start":{"line":68,"column":4},"end":{"line":150,"column":14},"skip":true},{"start":{"line":156,"column":4},"end":{"line":324,"column":14},"skip":true}]},"7":{"line":70,"type":"if","locations":[{"start":{"line":70,"column":12},"end":{"line":70,"column":12},"skip":true},{"start":{"line":70,"column":12},"end":{"line":70,"column":12},"skip":true}]},"8":{"line":70,"type":"binary-expr","locations":[{"start":{"line":70,"column":16},"end":{"line":70,"column":22},"skip":true},{"start":{"line":70,"column":27},"end":{"line":70,"column":32},"skip":true},{"start":{"line":71,"column":20},"end":{"line":71,"column":39},"skip":true},{"start":{"line":72,"column":20},"end":{"line":72,"column":49},"skip":true},{"start":{"line":73,"column":20},"end":{"line":73,"column":58},"skip":true},{"start":{"line":74,"column":20},"end":{"line":74,"column":69},"skip":true}]},"9":{"line":79,"type":"switch","locations":[{"start":{"line":80,"column":20},"end":{"line":80,"column":33},"skip":true},{"start":{"line":81,"column":20},"end":{"line":83,"column":30},"skip":true},{"start":{"line":84,"column":20},"end":{"line":85,"column":49},"skip":true}]},"10":{"line":89,"type":"switch","locations":[{"start":{"line":90,"column":12},"end":{"line":103,"column":22},"skip":true},{"start":{"line":105,"column":12},"end":{"line":106,"column":22},"skip":true}]},"11":{"line":89,"type":"binary-expr","locations":[{"start":{"line":89,"column":20},"end":{"line":89,"column":25},"skip":true},{"start":{"line":89,"column":29},"end":{"line":89,"column":48},"skip":true},{"start":{"line":89,"column":52},"end":{"line":89,"column":74},"skip":true}]},"12":{"line":92,"type":"if","locations":[{"start":{"line":92,"column":16},"end":{"line":92,"column":16},"skip":true},{"start":{"line":92,"column":16},"end":{"line":92,"column":16},"skip":true}]},"13":{"line":108,"type":"if","locations":[{"start":{"line":108,"column":12},"end":{"line":108,"column":12},"skip":true},{"start":{"line":108,"column":12},"end":{"line":108,"column":12},"skip":true}]},"14":{"line":108,"type":"binary-expr","locations":[{"start":{"line":108,"column":16},"end":{"line":108,"column":61},"skip":true},{"start":{"line":108,"column":66},"end":{"line":108,"column":72},"skip":true},{"start":{"line":108,"column":77},"end":{"line":108,"column":82},"skip":true},{"start":{"line":109,"column":20},"end":{"line":109,"column":39},"skip":true},{"start":{"line":110,"column":20},"end":{"line":110,"column":49},"skip":true},{"start":{"line":111,"column":20},"end":{"line":111,"column":58},"skip":true},{"start":{"line":112,"column":20},"end":{"line":112,"column":68},"skip":true}]},"15":{"line":129,"type":"if","locations":[{"start":{"line":129,"column":16},"end":{"line":129,"column":16},"skip":true},{"start":{"line":129,"column":16},"end":{"line":129,"column":16},"skip":true}]},"16":{"line":134,"type":"cond-expr","locations":[{"start":{"line":135,"column":26},"end":{"line":135,"column":29},"skip":true},{"start":{"line":136,"column":26},"end":{"line":136,"column":54},"skip":true}]},"17":{"line":164,"type":"binary-expr","locations":[{"start":{"line":164,"column":27},"end":{"line":164,"column":43},"skip":true},{"start":{"line":164,"column":47},"end":{"line":164,"column":49},"skip":true}]},"18":{"line":258,"type":"if","locations":[{"start":{"line":258,"column":8},"end":{"line":258,"column":8},"skip":true},{"start":{"line":258,"column":8},"end":{"line":258,"column":8},"skip":true}]},"19":{"line":275,"type":"switch","locations":[{"start":{"line":276,"column":20},"end":{"line":277,"column":64},"skip":true},{"start":{"line":278,"column":20},"end":{"line":279,"column":40},"skip":true},{"start":{"line":280,"column":20},"end":{"line":281,"column":40},"skip":true},{"start":{"line":282,"column":20},"end":{"line":283,"column":39},"skip":true}]},"20":{"line":288,"type":"if","locations":[{"start":{"line":288,"column":8},"end":{"line":288,"column":8},"skip":true},{"start":{"line":288,"column":8},"end":{"line":288,"column":8},"skip":true}]},"21":{"line":288,"type":"binary-expr","locations":[{"start":{"line":288,"column":12},"end":{"line":288,"column":40},"skip":true},{"start":{"line":288,"column":44},"end":{"line":288,"column":67},"skip":true}]},"22":{"line":292,"type":"binary-expr","locations":[{"start":{"line":292,"column":12},"end":{"line":292,"column":50},"skip":true},{"start":{"line":293,"column":12},"end":{"line":293,"column":53},"skip":true}]},"23":{"line":297,"type":"binary-expr","locations":[{"start":{"line":297,"column":12},"end":{"line":297,"column":69},"skip":true},{"start":{"line":298,"column":12},"end":{"line":301,"column":36},"skip":true}]},"24":{"line":303,"type":"binary-expr","locations":[{"start":{"line":303,"column":43},"end":{"line":303,"column":75},"skip":true},{"start":{"line":303,"column":79},"end":{"line":303,"column":81},"skip":true}]},"25":{"line":306,"type":"if","locations":[{"start":{"line":306,"column":8},"end":{"line":306,"column":8},"skip":true},{"start":{"line":306,"column":8},"end":{"line":306,"column":8},"skip":true}]},"26":{"line":310,"type":"if","locations":[{"start":{"line":310,"column":8},"end":{"line":310,"column":8},"skip":true},{"start":{"line":310,"column":8},"end":{"line":310,"column":8},"skip":true}]},"27":{"line":313,"type":"binary-expr","locations":[{"start":{"line":313,"column":27},"end":{"line":313,"column":43},"skip":true},{"start":{"line":313,"column":47},"end":{"line":313,"column":53},"skip":true}]},"28":{"line":317,"type":"if","locations":[{"start":{"line":317,"column":12},"end":{"line":317,"column":12},"skip":true},{"start":{"line":317,"column":12},"end":{"line":317,"column":12},"skip":true}]}},"code":["/*","example.js","","quickstart example","","instruction","    1. save this script as example.js","    2. run the shell command:","        $ npm install npmtest-eazy-logger && PORT=8081 node example.js","    3. play with the browser-demo on http://127.0.0.1:8081","*/","","","","/* istanbul instrument in package npmtest_eazy_logger */","/*jslint","    bitwise: true,","    browser: true,","    maxerr: 8,","    maxlen: 96,","    node: true,","    nomen: true,","    regexp: true,","    stupid: true","*/","(function () {","    'use strict';","    var local;","","","","    // run shared js-env code - pre-init","    (function () {","        // init local","        local = {};","        // init modeJs","        local.modeJs = (function () {","            try {","                return typeof navigator.userAgent === 'string' &&","                    typeof document.querySelector('body') === 'object' &&","                    typeof XMLHttpRequest.prototype.open === 'function' &&","                    'browser';","            } catch (errorCaughtBrowser) {","                return module.exports &&","                    typeof process.versions.node === 'string' &&","                    typeof require('http').createServer === 'function' &&","                    'node';","            }","        }());","        // init global","        local.global = local.modeJs === 'browser'","            ? window","            : global;","        // init utility2_rollup","        local = local.global.utility2_rollup || (local.modeJs === 'browser'","            ? local.global.utility2_npmtest_eazy_logger","            : global.utility2_moduleExports);","        // export local","        local.global.local = local;","    }());","    switch (local.modeJs) {","","","","    // post-init","    // run browser js-env code - post-init","    /* istanbul ignore next */","    case 'browser':","        local.testRunBrowser = function (event) {","            if (!event || (event &&","                    event.currentTarget &&","                    event.currentTarget.className &&","                    event.currentTarget.className.includes &&","                    event.currentTarget.className.includes('onreset'))) {","                // reset output","                Array.from(","                    document.querySelectorAll('body > .resettable')","                ).forEach(function (element) {","                    switch (element.tagName) {","                    case 'INPUT':","                    case 'TEXTAREA':","                        element.value = '';","                        break;","                    default:","                        element.textContent = '';","                    }","                });","            }","            switch (event && event.currentTarget && event.currentTarget.id) {","            case 'testRunButton1':","                // show tests","                if (document.querySelector('#testReportDiv1').style.display === 'none') {","                    document.querySelector('#testReportDiv1').style.display = 'block';","                    document.querySelector('#testRunButton1').textContent =","                        'hide internal test';","                    local.modeTest = true;","                    local.testRunDefault(local);","                // hide tests","                } else {","                    document.querySelector('#testReportDiv1').style.display = 'none';","                    document.querySelector('#testRunButton1').textContent = 'run internal test';","                }","                break;","            // custom-case","            default:","                break;","            }","            if (document.querySelector('#inputTextareaEval1') && (!event || (event &&","                    event.currentTarget &&","                    event.currentTarget.className &&","                    event.currentTarget.className.includes &&","                    event.currentTarget.className.includes('oneval')))) {","                // try to eval input-code","                try {","                    /*jslint evil: true*/","                    eval(document.querySelector('#inputTextareaEval1').value);","                } catch (errorCaught) {","                    console.error(errorCaught);","                }","            }","        };","        // log stderr and stdout to #outputTextareaStdout1","        ['error', 'log'].forEach(function (key) {","            console[key + '_original'] = console[key];","            console[key] = function () {","                var element;","                console[key + '_original'].apply(console, arguments);","                element = document.querySelector('#outputTextareaStdout1');","                if (!element) {","                    return;","                }","                // append text to #outputTextareaStdout1","                element.value += Array.from(arguments).map(function (arg) {","                    return typeof arg === 'string'","                        ? arg","                        : JSON.stringify(arg, null, 4);","                }).join(' ') + '\\n';","                // scroll textarea to bottom","                element.scrollTop = element.scrollHeight;","            };","        });","        // init event-handling","        ['change', 'click', 'keyup'].forEach(function (event) {","            Array.from(document.querySelectorAll('.on' + event)).forEach(function (element) {","                element.addEventListener(event, local.testRunBrowser);","            });","        });","        // run tests","        local.testRunBrowser();","        break;","","","","    // run node js-env code - post-init","    /* istanbul ignore next */","    case 'node':","        // export local","        module.exports = local;","        // require modules","        local.fs = require('fs');","        local.http = require('http');","        local.url = require('url');","        // init assets","        local.assetsDict = local.assetsDict || {};","        /* jslint-ignore-begin */","        local.assetsDict['/assets.index.template.html'] = '\\","<!doctype html>\\n\\","<html lang=\"en\">\\n\\","<head>\\n\\","<meta charset=\"UTF-8\">\\n\\","<meta name=\"viewport\" content=\"width=device-width, initial-scale=1\">\\n\\","<title>{{env.npm_package_name}} (v{{env.npm_package_version}})</title>\\n\\","<style>\\n\\","/*csslint\\n\\","    box-sizing: false,\\n\\","    universal-selector: false\\n\\","*/\\n\\","* {\\n\\","    box-sizing: border-box;\\n\\","}\\n\\","body {\\n\\","    background: #dde;\\n\\","    font-family: Arial, Helvetica, sans-serif;\\n\\","    margin: 2rem;\\n\\","}\\n\\","body > * {\\n\\","    margin-bottom: 1rem;\\n\\","}\\n\\",".utility2FooterDiv {\\n\\","    margin-top: 20px;\\n\\","    text-align: center;\\n\\","}\\n\\","</style>\\n\\","<style>\\n\\","/*csslint\\n\\","*/\\n\\","textarea {\\n\\","    font-family: monospace;\\n\\","    height: 10rem;\\n\\","    width: 100%;\\n\\","}\\n\\","textarea[readonly] {\\n\\","    background: #ddd;\\n\\","}\\n\\","</style>\\n\\","</head>\\n\\","<body>\\n\\","<!-- utility2-comment\\n\\","<div id=\"ajaxProgressDiv1\" style=\"background: #d00; height: 2px; left: 0; margin: 0; padding: 0; position: fixed; top: 0; transition: background 0.5s, width 1.5s; width: 25%;\"></div>\\n\\","utility2-comment -->\\n\\","<h1>\\n\\","<!-- utility2-comment\\n\\","    <a\\n\\","        {{#if env.npm_package_homepage}}\\n\\","        href=\"{{env.npm_package_homepage}}\"\\n\\","        {{/if env.npm_package_homepage}}\\n\\","        target=\"_blank\"\\n\\","    >\\n\\","utility2-comment -->\\n\\","        {{env.npm_package_name}} (v{{env.npm_package_version}})\\n\\","<!-- utility2-comment\\n\\","    </a>\\n\\","utility2-comment -->\\n\\","</h1>\\n\\","<h3>{{env.npm_package_description}}</h3>\\n\\","<!-- utility2-comment\\n\\","<h4><a download href=\"assets.app.js\">download standalone app</a></h4>\\n\\","<button class=\"onclick onreset\" id=\"testRunButton1\">run internal test</button><br>\\n\\","<div id=\"testReportDiv1\" style=\"display: none;\"></div>\\n\\","utility2-comment -->\\n\\","\\n\\","\\n\\","\\n\\","<label>stderr and stdout</label>\\n\\","<textarea class=\"resettable\" id=\"outputTextareaStdout1\" readonly></textarea>\\n\\","<!-- utility2-comment\\n\\","{{#if isRollup}}\\n\\","<script src=\"assets.app.js\"></script>\\n\\","{{#unless isRollup}}\\n\\","utility2-comment -->\\n\\","<script src=\"assets.utility2.rollup.js\"></script>\\n\\","<script src=\"jsonp.utility2._stateInit?callback=window.utility2._stateInit\"></script>\\n\\","<script src=\"assets.npmtest_eazy_logger.rollup.js\"></script>\\n\\","<script src=\"assets.example.js\"></script>\\n\\","<script src=\"assets.test.js\"></script>\\n\\","<!-- utility2-comment\\n\\","{{/if isRollup}}\\n\\","utility2-comment -->\\n\\","<div class=\"utility2FooterDiv\">\\n\\","    [ this app was created with\\n\\","    <a href=\"https://github.com/kaizhu256/node-utility2\" target=\"_blank\">utility2</a>\\n\\","    ]\\n\\","</div>\\n\\","</body>\\n\\","</html>\\n\\","';","        /* jslint-ignore-end */","        if (local.templateRender) {","            local.assetsDict['/'] = local.templateRender(","                local.assetsDict['/assets.index.template.html'],","                {","                    env: local.objectSetDefault(local.env, {","                        npm_package_description: 'the greatest app in the world!',","                        npm_package_name: 'my-app',","                        npm_package_nameAlias: 'my_app',","                        npm_package_version: '0.0.1'","                    })","                }","            );","        } else {","            local.assetsDict['/'] = local.assetsDict['/assets.index.template.html']","                .replace((/\\{\\{env\\.(\\w+?)\\}\\}/g), function (match0, match1) {","                    // jslint-hack","                    String(match0);","                    switch (match1) {","                    case 'npm_package_description':","                        return 'the greatest app in the world!';","                    case 'npm_package_name':","                        return 'my-app';","                    case 'npm_package_nameAlias':","                        return 'my_app';","                    case 'npm_package_version':","                        return '0.0.1';","                    }","                });","        }","        // run the cli","        if (local.global.utility2_rollup || module !== require.main) {","            break;","        }","        local.assetsDict['/assets.example.js'] =","            local.assetsDict['/assets.example.js'] ||","            local.fs.readFileSync(__filename, 'utf8');","        // bug-workaround - long $npm_package_buildCustomOrg","        /* jslint-ignore-begin */","        local.assetsDict['/assets.npmtest_eazy_logger.rollup.js'] =","            local.assetsDict['/assets.npmtest_eazy_logger.rollup.js'] ||","            local.fs.readFileSync(","                local.npmtest_eazy_logger.__dirname + '/lib.npmtest_eazy_logger.js',","                'utf8'","            ).replace((/^#!/), '//');","        /* jslint-ignore-end */","        local.assetsDict['/favicon.ico'] = local.assetsDict['/favicon.ico'] || '';","        // if $npm_config_timeout_exit exists,","        // then exit this process after $npm_config_timeout_exit ms","        if (Number(process.env.npm_config_timeout_exit)) {","            setTimeout(process.exit, Number(process.env.npm_config_timeout_exit));","        }","        // start server","        if (local.global.utility2_serverHttp1) {","            break;","        }","        process.env.PORT = process.env.PORT || '8081';","        console.error('server starting on port ' + process.env.PORT);","        local.http.createServer(function (request, response) {","            request.urlParsed = local.url.parse(request.url);","            if (local.assetsDict[request.urlParsed.pathname] !== undefined) {","                response.end(local.assetsDict[request.urlParsed.pathname]);","                return;","            }","            response.statusCode = 404;","            response.end();","        }).listen(process.env.PORT);","        break;","    }","}());",""],"l":{"26":2,"28":2,"33":2,"35":2,"37":2,"38":2,"39":2,"44":1,"51":2,"55":2,"59":2,"61":2,"69":1,"70":2,"76":2,"79":2,"82":2,"83":2,"85":1,"89":2,"92":1,"93":1,"94":1,"96":1,"97":1,"100":1,"101":1,"103":1,"106":1,"108":2,"114":1,"116":1,"118":1,"123":1,"124":2,"125":2,"126":3,"127":3,"128":3,"129":3,"130":1,"133":3,"134":3,"139":3,"143":1,"144":3,"145":1,"149":1,"150":1,"158":1,"160":1,"161":1,"162":1,"164":1,"166":1,"258":1,"259":1,"271":1,"274":6,"275":6,"277":1,"279":2,"281":1,"283":2,"288":1,"289":1,"291":1,"296":1,"303":1,"306":1,"307":1,"310":1,"311":1,"313":1,"314":1,"315":1,"316":1,"317":1,"318":1,"319":1,"321":1,"322":1,"324":1}},"/home/travis/build/npmtest/node-npmtest-eazy-logger/node_modules/eazy-logger/index.js":{"path":"/home/travis/build/npmtest/node-npmtest-eazy-logger/node_modules/eazy-logger/index.js","s":{"1":1,"2":1,"3":1,"4":1,"5":0,"6":0,"7":0,"8":0,"9":0,"10":0,"11":0,"12":0,"13":0,"14":1,"15":0,"16":0,"17":0,"18":0,"19":0,"20":1,"21":0,"22":0,"23":0,"24":0,"25":0,"26":0,"27":1,"28":0,"29":0,"30":1,"31":0,"32":1,"33":0,"34":0,"35":0,"36":1,"37":0,"38":0,"39":1,"40":0,"41":0,"42":1,"43":0,"44":0,"45":0,"46":0,"47":1,"48":0,"49":0,"50":0,"51":1,"52":0,"53":0,"54":0,"55":0,"56":0,"57":0,"58":0,"59":0,"60":0,"61":0,"62":1,"63":0,"64":0,"65":1,"66":0,"67":0,"68":1,"69":0,"70":0,"71":0,"72":0,"73":0,"74":1,"75":1},"b":{"1":[0,0],"2":[0,0],"3":[0,0],"4":[0,0],"5":[0,0],"6":[0,0],"7":[0,0],"8":[0,0],"9":[0,0],"10":[0,0],"11":[0,0],"12":[0,0],"13":[0,0],"14":[0,0],"15":[0,0]},"f":{"1":0,"2":0,"3":0,"4":0,"5":0,"6":0,"7":0,"8":0,"9":0,"10":0,"11":0,"12":0,"13":0,"14":0,"15":0,"16":0,"17":0},"fnMap":{"1":{"name":"(anonymous_1)","line":60,"loc":{"start":{"line":60,"column":13},"end":{"line":60,"column":30}}},"2":{"name":"(anonymous_2)","line":82,"loc":{"start":{"line":82,"column":27},"end":{"line":82,"column":50}}},"3":{"name":"(anonymous_3)","line":105,"loc":{"start":{"line":105,"column":35},"end":{"line":105,"column":52}}},"4":{"name":"(anonymous_4)","line":106,"loc":{"start":{"line":106,"column":31},"end":{"line":106,"column":47}}},"5":{"name":"(anonymous_5)","line":108,"loc":{"start":{"line":108,"column":25},"end":{"line":108,"column":37}}},"6":{"name":"(anonymous_6)","line":120,"loc":{"start":{"line":120,"column":25},"end":{"line":120,"column":37}}},"7":{"name":"(anonymous_7)","line":133,"loc":{"start":{"line":133,"column":26},"end":{"line":133,"column":43}}},"8":{"name":"(anonymous_8)","line":143,"loc":{"start":{"line":143,"column":23},"end":{"line":143,"column":45}}},"9":{"name":"(anonymous_9)","line":157,"loc":{"start":{"line":157,"column":28},"end":{"line":157,"column":45}}},"10":{"name":"(anonymous_10)","line":168,"loc":{"start":{"line":168,"column":36},"end":{"line":168,"column":53}}},"11":{"name":"(anonymous_11)","line":178,"loc":{"start":{"line":178,"column":29},"end":{"line":178,"column":47}}},"12":{"name":"(anonymous_12)","line":192,"loc":{"start":{"line":192,"column":30},"end":{"line":192,"column":52}}},"13":{"name":"(anonymous_13)","line":208,"loc":{"start":{"line":208,"column":26},"end":{"line":208,"column":66}}},"14":{"name":"(anonymous_14)","line":234,"loc":{"start":{"line":234,"column":30},"end":{"line":234,"column":42}}},"15":{"name":"(anonymous_15)","line":236,"loc":{"start":{"line":236,"column":36},"end":{"line":236,"column":51}}},"16":{"name":"(anonymous_16)","line":244,"loc":{"start":{"line":244,"column":24},"end":{"line":244,"column":40}}},"17":{"name":"(anonymous_17)","line":255,"loc":{"start":{"line":255,"column":25},"end":{"line":255,"column":41}}}},"statementMap":{"1":{"start":{"line":4,"column":0},"end":{"line":4,"column":29}},"2":{"start":{"line":9,"column":0},"end":{"line":9,"column":35}},"3":{"start":{"line":15,"column":0},"end":{"line":53,"column":2}},"4":{"start":{"line":60,"column":0},"end":{"line":75,"column":2}},"5":{"start":{"line":62,"column":4},"end":{"line":64,"column":5}},"6":{"start":{"line":63,"column":8},"end":{"line":63,"column":34}},"7":{"start":{"line":66,"column":4},"end":{"line":66,"column":26}},"8":{"start":{"line":68,"column":4},"end":{"line":68,"column":23}},"9":{"start":{"line":69,"column":4},"end":{"line":69,"column":48}},"10":{"start":{"line":70,"column":4},"end":{"line":70,"column":45}},"11":{"start":{"line":71,"column":4},"end":{"line":71,"column":78}},"12":{"start":{"line":72,"column":4},"end":{"line":72,"column":20}},"13":{"start":{"line":74,"column":4},"end":{"line":74,"column":16}},"14":{"start":{"line":82,"column":0},"end":{"line":94,"column":2}},"15":{"start":{"line":84,"column":4},"end":{"line":91,"column":5}},"16":{"start":{"line":86,"column":8},"end":{"line":88,"column":9}},"17":{"start":{"line":87,"column":12},"end":{"line":87,"column":49}},"18":{"start":{"line":90,"column":8},"end":{"line":90,"column":34}},"19":{"start":{"line":93,"column":4},"end":{"line":93,"column":16}},"20":{"start":{"line":105,"column":0},"end":{"line":115,"column":2}},"21":{"start":{"line":106,"column":4},"end":{"line":114,"column":13}},"22":{"start":{"line":107,"column":8},"end":{"line":113,"column":9}},"23":{"start":{"line":108,"column":12},"end":{"line":112,"column":31}},"24":{"start":{"line":109,"column":16},"end":{"line":109,"column":65}},"25":{"start":{"line":110,"column":16},"end":{"line":110,"column":43}},"26":{"start":{"line":111,"column":16},"end":{"line":111,"column":28}},"27":{"start":{"line":120,"column":0},"end":{"line":127,"column":2}},"28":{"start":{"line":122,"column":4},"end":{"line":124,"column":21}},"29":{"start":{"line":126,"column":4},"end":{"line":126,"column":16}},"30":{"start":{"line":133,"column":0},"end":{"line":135,"column":2}},"31":{"start":{"line":134,"column":4},"end":{"line":134,"column":93}},"32":{"start":{"line":143,"column":0},"end":{"line":150,"column":2}},"33":{"start":{"line":145,"column":4},"end":{"line":145,"column":53}},"34":{"start":{"line":147,"column":4},"end":{"line":147,"column":34}},"35":{"start":{"line":149,"column":4},"end":{"line":149,"column":16}},"36":{"start":{"line":157,"column":0},"end":{"line":162,"column":2}},"37":{"start":{"line":159,"column":4},"end":{"line":159,"column":30}},"38":{"start":{"line":161,"column":4},"end":{"line":161,"column":16}},"39":{"start":{"line":168,"column":0},"end":{"line":173,"column":2}},"40":{"start":{"line":170,"column":4},"end":{"line":170,"column":41}},"41":{"start":{"line":172,"column":4},"end":{"line":172,"column":16}},"42":{"start":{"line":178,"column":0},"end":{"line":185,"column":2}},"43":{"start":{"line":179,"column":4},"end":{"line":181,"column":5}},"44":{"start":{"line":180,"column":8},"end":{"line":180,"column":67}},"45":{"start":{"line":182,"column":4},"end":{"line":184,"column":5}},"46":{"start":{"line":183,"column":8},"end":{"line":183,"column":38}},"47":{"start":{"line":192,"column":0},"end":{"line":199,"column":2}},"48":{"start":{"line":194,"column":4},"end":{"line":194,"column":53}},"49":{"start":{"line":196,"column":4},"end":{"line":196,"column":40}},"50":{"start":{"line":198,"column":4},"end":{"line":198,"column":16}},"51":{"start":{"line":208,"column":0},"end":{"line":229,"column":2}},"52":{"start":{"line":210,"column":4},"end":{"line":212,"column":5}},"53":{"start":{"line":211,"column":8},"end":{"line":211,"column":15}},"54":{"start":{"line":214,"column":4},"end":{"line":214,"column":25}},"55":{"start":{"line":216,"column":4},"end":{"line":218,"column":5}},"56":{"start":{"line":217,"column":8},"end":{"line":217,"column":48}},"57":{"start":{"line":220,"column":4},"end":{"line":220,"column":49}},"58":{"start":{"line":222,"column":4},"end":{"line":222,"column":22}},"59":{"start":{"line":224,"column":4},"end":{"line":224,"column":37}},"60":{"start":{"line":226,"column":4},"end":{"line":226,"column":22}},"61":{"start":{"line":228,"column":4},"end":{"line":228,"column":16}},"62":{"start":{"line":234,"column":0},"end":{"line":239,"column":2}},"63":{"start":{"line":236,"column":4},"end":{"line":238,"column":13}},"64":{"start":{"line":237,"column":8},"end":{"line":237,"column":43}},"65":{"start":{"line":244,"column":0},"end":{"line":248,"column":2}},"66":{"start":{"line":246,"column":4},"end":{"line":246,"column":22}},"67":{"start":{"line":247,"column":4},"end":{"line":247,"column":16}},"68":{"start":{"line":255,"column":0},"end":{"line":266,"column":2}},"69":{"start":{"line":257,"column":4},"end":{"line":257,"column":42}},"70":{"start":{"line":259,"column":4},"end":{"line":263,"column":5}},"71":{"start":{"line":260,"column":8},"end":{"line":260,"column":36}},"72":{"start":{"line":262,"column":8},"end":{"line":262,"column":49}},"73":{"start":{"line":265,"column":4},"end":{"line":265,"column":30}},"74":{"start":{"line":268,"column":0},"end":{"line":268,"column":32}},"75":{"start":{"line":269,"column":0},"end":{"line":269,"column":31}}},"branchMap":{"1":{"line":62,"type":"if","locations":[{"start":{"line":62,"column":4},"end":{"line":62,"column":4}},{"start":{"line":62,"column":4},"end":{"line":62,"column":4}}]},"2":{"line":66,"type":"binary-expr","locations":[{"start":{"line":66,"column":13},"end":{"line":66,"column":19}},{"start":{"line":66,"column":23},"end":{"line":66,"column":25}}]},"3":{"line":71,"type":"binary-expr","locations":[{"start":{"line":71,"column":39},"end":{"line":71,"column":57}},{"start":{"line":71,"column":61},"end":{"line":71,"column":63}}]},"4":{"line":84,"type":"if","locations":[{"start":{"line":84,"column":4},"end":{"line":84,"column":4}},{"start":{"line":84,"column":4},"end":{"line":84,"column":4}}]},"5":{"line":86,"type":"if","locations":[{"start":{"line":86,"column":8},"end":{"line":86,"column":8}},{"start":{"line":86,"column":8},"end":{"line":86,"column":8}}]},"6":{"line":107,"type":"if","locations":[{"start":{"line":107,"column":8},"end":{"line":107,"column":8}},{"start":{"line":107,"column":8},"end":{"line":107,"column":8}}]},"7":{"line":134,"type":"binary-expr","locations":[{"start":{"line":134,"column":11},"end":{"line":134,"column":77}},{"start":{"line":134,"column":81},"end":{"line":134,"column":92}}]},"8":{"line":179,"type":"if","locations":[{"start":{"line":179,"column":4},"end":{"line":179,"column":4}},{"start":{"line":179,"column":4},"end":{"line":179,"column":4}}]},"9":{"line":182,"type":"if","locations":[{"start":{"line":182,"column":4},"end":{"line":182,"column":4}},{"start":{"line":182,"column":4},"end":{"line":182,"column":4}}]},"10":{"line":210,"type":"if","locations":[{"start":{"line":210,"column":4},"end":{"line":210,"column":4}},{"start":{"line":210,"column":4},"end":{"line":210,"column":4}}]},"11":{"line":216,"type":"if","locations":[{"start":{"line":216,"column":4},"end":{"line":216,"column":4}},{"start":{"line":216,"column":4},"end":{"line":216,"column":4}}]},"12":{"line":216,"type":"binary-expr","locations":[{"start":{"line":216,"column":8},"end":{"line":216,"column":36}},{"start":{"line":216,"column":40},"end":{"line":216,"column":51}}]},"13":{"line":259,"type":"if","locations":[{"start":{"line":259,"column":4},"end":{"line":259,"column":4}},{"start":{"line":259,"column":4},"end":{"line":259,"column":4}}]},"14":{"line":260,"type":"binary-expr","locations":[{"start":{"line":260,"column":17},"end":{"line":260,"column":29}},{"start":{"line":260,"column":33},"end":{"line":260,"column":35}}]},"15":{"line":262,"type":"binary-expr","locations":[{"start":{"line":262,"column":37},"end":{"line":262,"column":41}},{"start":{"line":262,"column":45},"end":{"line":262,"column":47}}]}},"code":["/**"," * tFunk for colours/compiler"," */","var tfunk = require(\"tfunk\");","","/**"," * Lodash clonedeep & merge"," */","var _ = require(\"./lodash.custom\");","","/**"," * Default configuration."," * Can be overridden in first constructor arg"," */","var defaults = {","","    /**","     * Initial log level","     */","    level: \"info\",","","    /**","     * Prefix for logger","     */","    prefix: \"\",","","    /**","     * Available levels and their score","     */","    levels: {","        \"trace\": 100,","        \"debug\": 200,","        \"warn\":  300,","        \"info\":  400,","        \"error\": 500","    },","","    /**","     * Default prefixes","     */","    prefixes: {","        \"trace\": \"[trace] \",","        \"debug\": \"{yellow:[debug]} \",","        \"info\":  \"{cyan:[info]} \",","        \"warn\":  \"{magenta:[warn]} \",","        \"error\": \"{red:[error]} \"","    },","","    /**","     * Should easy log statement be prefixed with the level?","     */","    useLevelPrefixes: false","};","","","/**"," * @param {Object} config"," * @constructor"," */","var Logger = function(config) {","","    if (!(this instanceof Logger)) {","        return new Logger(config);","    }","","    config = config || {};","","    this._mute = false;","    this.config = _.merge({}, defaults, config);","    this.addLevelMethods(this.config.levels);","    this.compiler = new tfunk.Compiler(this.config.custom || {}, this.config);","    this._memo = {};","","    return this;","};","","/**"," * Set an option once"," * @param path"," * @param value"," */","Logger.prototype.setOnce = function (path, value) {","","    if (typeof this.config[path] !== \"undefined\") {","","        if (typeof this._memo[path] === \"undefined\") {","            this._memo[path] = this.config[path];","        }","","        this.config[path] = value;","    }","","    return this;","};","/**"," * Add convenience method such as"," * logger.warn(\"msg\")"," * logger.error(\"msg\")"," * logger.info(\"msg\")"," *"," * instead of"," * logger.log(\"warn\", \"msg\");"," * @param items"," */","Logger.prototype.addLevelMethods = function (items) {","    Object.keys(items).forEach(function (item) {","        if (!this[item]) {","            this[item] = function () {","                var args = Array.prototype.slice.call(arguments);","                this.log.apply(this, args);","                return this;","            }.bind(this, item);","        }","    }, this);","};","/**"," * Reset the state of the logger."," * @returns {Logger}"," */","Logger.prototype.reset = function () {","","    this.setLevel(defaults.level)","        .setLevelPrefixes(defaults.useLevelPrefixes)","        .mute(false);","","    return this;","};","","/**"," * @param {String} level"," * @returns {boolean}"," */","Logger.prototype.canLog = function (level) {","    return this.config.levels[level] >= this.config.levels[this.config.level] && !this._mute;","};","","/**"," * Log to the console with prefix"," * @param {String} level"," * @param {String} msg"," * @returns {Logger}"," */","Logger.prototype.log = function (level, msg) {","","    var args = Array.prototype.slice.call(arguments);","","    this.logOne(args, msg, level);","","    return this;","};","","/**"," * Set the log level"," * @param {String} level"," * @returns {Logger}"," */","Logger.prototype.setLevel = function (level) {","","    this.config.level = level;","","    return this;","};","","/**"," * @param {boolean} state"," * @returns {Logger}"," */","Logger.prototype.setLevelPrefixes = function (state) {","","    this.config.useLevelPrefixes = state;","","    return this;","};","","/**"," * @param prefix"," */","Logger.prototype.setPrefix = function (prefix) {","    if (typeof prefix === \"string\") {","        this.compiler.prefix = this.compiler.compile(prefix, true);","    }","    if (typeof prefix === \"function\") {","        this.compiler.prefix = prefix;","    }","};","","/**"," * @param {String} level"," * @param {String} msg"," * @returns {Logger}"," */","Logger.prototype.unprefixed = function (level, msg) {","","    var args = Array.prototype.slice.call(arguments);","","    this.logOne(args, msg, level, true);","","    return this;","};","","/**"," * @param {Array} args"," * @param {String} msg"," * @param {String} level"," * @param {boolean} [unprefixed]"," * @returns {Logger}"," */","Logger.prototype.logOne = function (args, msg, level, unprefixed) {","","    if (!this.canLog(level)) {","        return;","    }","","    args = args.slice(2);","","    if (this.config.useLevelPrefixes && !unprefixed) {","        msg = this.config.prefixes[level] + msg;","    }","","    msg = this.compiler.compile(msg, unprefixed);","","    args.unshift(msg);","","    console.log.apply(console, args);","","    this.resetTemps();","","    return this;","};","","/**"," * Reset any temporary value"," */","Logger.prototype.resetTemps = function () {","","    Object.keys(this._memo).forEach(function (key) {","        this.config[key] = this._memo[key];","    }, this);","};","","/**"," * Mute the logger"," */","Logger.prototype.mute = function (bool) {","","    this._mute = bool;","    return this;","};","","/**"," * Clone the instance to share setup"," * @param opts"," * @returns {Logger}"," */","Logger.prototype.clone = function (opts) {","","    var config = _.cloneDeep(this.config);","","    if (typeof opts === \"function\") {","        config = opts(config) || {};","    } else {","        config = _.merge({}, config, opts || {});","    }","","    return new Logger(config);","};","","module.exports.Logger  = Logger;","module.exports.compile = tfunk;",""],"l":{"4":1,"9":1,"15":1,"60":1,"62":0,"63":0,"66":0,"68":0,"69":0,"70":0,"71":0,"72":0,"74":0,"82":1,"84":0,"86":0,"87":0,"90":0,"93":0,"105":1,"106":0,"107":0,"108":0,"109":0,"110":0,"111":0,"120":1,"122":0,"126":0,"133":1,"134":0,"143":1,"145":0,"147":0,"149":0,"157":1,"159":0,"161":0,"168":1,"170":0,"172":0,"178":1,"179":0,"180":0,"182":0,"183":0,"192":1,"194":0,"196":0,"198":0,"208":1,"210":0,"211":0,"214":0,"216":0,"217":0,"220":0,"222":0,"224":0,"226":0,"228":0,"234":1,"236":0,"237":0,"244":1,"246":0,"247":0,"255":1,"257":0,"259":0,"260":0,"262":0,"265":0,"268":1,"269":1}},"/home/travis/build/npmtest/node-npmtest-eazy-logger/node_modules/eazy-logger/lodash.custom.js":{"path":"/home/travis/build/npmtest/node-npmtest-eazy-logger/node_modules/eazy-logger/lodash.custom.js","s":{"1":1,"2":1,"3":1,"4":1,"5":1,"6":1,"7":1,"8":1,"9":1,"10":1,"11":1,"12":1,"13":1,"14":1,"15":1,"16":1,"17":1,"18":1,"19":1,"20":1,"21":1,"22":1,"23":1,"24":1,"25":1,"26":1,"27":1,"28":1,"29":1,"30":1,"31":1,"32":1,"33":1,"34":1,"35":0,"36":0,"37":1,"38":0,"39":0,"40":1,"41":0,"42":0,"43":0,"44":0,"45":0,"46":0,"47":0,"48":1,"49":0,"50":0,"51":0,"52":0,"53":0,"54":1,"55":0,"56":0,"57":0,"58":0,"59":1,"60":0,"61":0,"62":0,"63":0,"64":0,"65":0,"66":1,"67":0,"68":0,"69":0,"70":0,"71":1,"72":4,"73":1,"74":0,"75":0,"76":0,"77":0,"78":0,"79":1,"80":0,"81":0,"82":0,"83":0,"84":1,"85":0,"86":0,"87":0,"88":0,"89":1,"90":0,"91":0,"92":0,"93":0,"94":1,"95":1,"96":1,"97":1,"98":1,"99":1,"100":1,"101":1,"102":1,"103":1,"104":1,"105":1,"106":1,"107":1,"108":0,"109":0,"110":0,"111":0,"112":0,"113":1,"114":0,"115":1,"116":0,"117":1,"118":0,"119":0,"120":0,"121":0,"122":0,"123":1,"124":0,"125":0,"126":1,"127":0,"128":0,"129":0,"130":1,"131":1,"132":1,"133":1,"134":1,"135":1,"136":0,"137":0,"138":0,"139":0,"140":0,"141":1,"142":0,"143":1,"144":0,"145":0,"146":0,"147":0,"148":0,"149":0,"150":0,"151":0,"152":1,"153":0,"154":0,"155":1,"156":0,"157":1,"158":0,"159":0,"160":0,"161":0,"162":0,"163":1,"164":1,"165":1,"166":1,"167":1,"168":1,"169":0,"170":0,"171":0,"172":0,"173":0,"174":1,"175":0,"176":1,"177":0,"178":1,"179":0,"180":1,"181":0,"182":1,"183":0,"184":0,"185":1,"186":1,"187":1,"188":1,"189":1,"190":1,"191":0,"192":1,"193":0,"194":1,"195":0,"196":1,"197":0,"198":1,"199":0,"200":1,"201":0,"202":0,"203":0,"204":0,"205":0,"206":1,"207":1,"208":1,"209":1,"210":1,"211":1,"212":0,"213":0,"214":1,"215":0,"216":0,"217":0,"218":1,"219":0,"220":0,"221":0,"222":0,"223":0,"224":1,"225":0,"226":1,"227":0,"228":0,"229":0,"230":0,"231":0,"232":0,"233":0,"234":0,"235":0,"236":0,"237":0,"238":0,"239":0,"240":0,"241":0,"242":0,"243":0,"244":0,"245":0,"246":0,"247":0,"248":0,"249":0,"250":0,"251":0,"252":0,"253":0,"254":0,"255":0,"256":0,"257":0,"258":0,"259":0,"260":0,"261":0,"262":0,"263":0,"264":1,"265":0,"266":1,"267":0,"268":0,"269":1,"270":0,"271":1,"272":0,"273":1,"274":0,"275":0,"276":0,"277":0,"278":0,"279":1,"280":0,"281":0,"282":1,"283":0,"284":0,"285":0,"286":0,"287":0,"288":0,"289":0,"290":0,"291":0,"292":0,"293":0,"294":0,"295":0,"296":0,"297":0,"298":1,"299":0,"300":0,"301":0,"302":0,"303":0,"304":0,"305":0,"306":0,"307":0,"308":0,"309":0,"310":0,"311":0,"312":0,"313":0,"314":0,"315":0,"316":0,"317":0,"318":0,"319":0,"320":0,"321":0,"322":0,"323":0,"324":0,"325":0,"326":0,"327":1,"328":1,"329":0,"330":1,"331":0,"332":0,"333":0,"334":0,"335":0,"336":1,"337":0,"338":0,"339":0,"340":1,"341":0,"342":0,"343":1,"344":0,"345":0,"346":1,"347":0,"348":0,"349":0,"350":1,"351":0,"352":0,"353":1,"354":0,"355":1,"356":0,"357":0,"358":1,"359":0,"360":0,"361":0,"362":0,"363":0,"364":1,"365":0,"366":0,"367":0,"368":0,"369":0,"370":0,"371":0,"372":1,"373":0,"374":1,"375":1,"376":0,"377":0,"378":0,"379":0,"380":0,"381":0,"382":0,"383":0,"384":0,"385":0,"386":0,"387":1,"388":0,"389":1,"390":1,"391":0,"392":0,"393":1,"394":6,"395":6,"396":1,"397":0,"398":1,"399":0,"400":1,"401":0,"402":0,"403":1,"404":5,"405":1,"406":0,"407":0,"408":0,"409":0,"410":0,"411":0,"412":0,"413":0,"414":0,"415":0,"416":1,"417":0,"418":0,"419":0,"420":0,"421":0,"422":1,"423":0,"424":1,"425":0,"426":0,"427":0,"428":0,"429":0,"430":0,"431":0,"432":0,"433":0,"434":0,"435":0,"436":1,"437":0,"438":0,"439":0,"440":0,"441":1,"442":0,"443":0,"444":1,"445":0,"446":0,"447":0,"448":0,"449":0,"450":0,"451":1,"452":0,"453":0,"454":1,"455":0,"456":0,"457":1,"458":11,"459":11,"460":11,"461":0,"462":0,"463":0,"464":1,"465":1,"466":0,"467":1,"468":1,"469":0,"470":0,"471":0,"472":0,"473":0,"474":0,"475":0,"476":0,"477":0,"478":0,"479":0,"480":0,"481":0,"482":1,"483":0,"484":1,"485":0,"486":1,"487":0,"488":1,"489":1,"490":0,"491":1,"492":0,"493":1,"494":0,"495":1,"496":6,"497":6,"498":1,"499":0,"500":1,"501":12,"502":12,"503":1,"504":0,"505":1,"506":6,"507":0,"508":6,"509":6,"510":1,"511":0,"512":0,"513":0,"514":0,"515":0,"516":0,"517":0,"518":1,"519":0,"520":1,"521":0,"522":1,"523":0,"524":1,"525":0,"526":0,"527":0,"528":0,"529":0,"530":0,"531":0,"532":1,"533":0,"534":0,"535":1,"536":0,"537":0,"538":0,"539":0,"540":0,"541":0,"542":0,"543":0,"544":0,"545":0,"546":0,"547":0,"548":1,"549":0,"550":1,"551":0,"552":0,"553":0,"554":0,"555":0,"556":0,"557":0,"558":0,"559":1,"560":0,"561":0,"562":0,"563":0,"564":0,"565":0,"566":1,"567":0,"568":1,"569":0,"570":0,"571":1,"572":1,"573":1,"574":1,"575":1,"576":1,"577":1,"578":1,"579":1,"580":1,"581":1,"582":1,"583":1,"584":1,"585":1,"586":1,"587":1,"588":1,"589":1,"590":1,"591":1,"592":1,"593":1,"594":1,"595":1,"596":1,"597":1,"598":1,"599":1,"600":1,"601":1},"b":{"1":[1,0],"2":[1,1,1],"3":[1,0],"4":[1,1,1],"5":[1,0],"6":[1,1],"7":[1,1,1,1],"8":[1,0],"9":[1,0],"10":[1,1],"11":[1,0,0,0,0,0],"12":[0,0],"13":[0,0,0,0],"14":[0,0],"15":[0,0],"16":[0,0],"17":[1,3],"18":[4,2],"19":[0,0],"20":[0,0],"21":[1,0],"22":[1,0],"23":[1,0],"24":[1,0],"25":[0,0],"26":[0,0],"27":[0,0],"28":[0,0],"29":[0,0],"30":[0,0],"31":[0,0],"32":[0,0],"33":[0,0],"34":[0,0],"35":[0,0],"36":[0,0],"37":[0,0],"38":[0,0],"39":[0,0],"40":[0,0],"41":[0,0],"42":[0,0],"43":[0,0],"44":[0,0,0,0,0],"45":[0,0],"46":[0,0,0],"47":[0,0],"48":[0,0],"49":[0,0],"50":[0,0],"51":[0,0],"52":[0,0],"53":[0,0],"54":[0,0],"55":[0,0],"56":[0,0],"57":[0,0],"58":[0,0],"59":[0,0,0,0],"60":[0,0],"61":[0,0],"62":[0,0],"63":[0,0],"64":[0,0],"65":[0,0],"66":[0,0],"67":[0,0],"68":[0,0],"69":[0,0],"70":[0,0],"71":[0,0],"72":[0,0],"73":[0,0],"74":[0,0,0,0],"75":[0,0],"76":[0,1],"77":[1,0],"78":[0,0],"79":[0,0],"80":[0,0],"81":[0,0],"82":[0,0],"83":[0,0],"84":[0,0],"85":[0,0],"86":[0,0],"87":[0,0],"88":[0,0],"89":[0,0],"90":[0,0],"91":[0,0],"92":[0,0],"93":[0,0],"94":[0,0],"95":[0,0],"96":[0,0],"97":[0,0],"98":[0,0,0],"99":[0,0],"100":[0,0],"101":[0,0],"102":[0,0],"103":[0,0],"104":[0,0],"105":[0,0],"106":[0,0],"107":[0,0],"108":[0,0],"109":[0,0],"110":[0,0],"111":[0,0],"112":[0,0],"113":[0,0],"114":[0,0],"115":[0,0],"116":[0,0],"117":[0,0],"118":[0,0],"119":[0,0],"120":[6,0],"121":[0,1],"122":[0,1],"123":[1,1,1,1,1,1,1,1,1,1],"124":[0,0],"125":[0,0],"126":[0,0],"127":[0,0,0,0,0],"128":[0,0],"129":[0,0,0],"130":[0,0],"131":[0,0],"132":[0,0,0,0,0,0,0,0,0,0,0,0,0,0,0,0,0,0,0],"133":[0,0],"134":[0,0],"135":[0,0,0,0],"136":[0,0],"137":[0,0,0,0,0,0],"138":[0,0],"139":[0,0],"140":[0,0],"141":[0,0],"142":[0,0],"143":[0,0],"144":[0,0,0,0],"145":[0,0],"146":[0,0,0],"147":[11,0],"148":[0,1],"149":[1,0],"150":[0,0,0],"151":[0,0,0],"152":[0,0,0,0],"153":[0,0,0],"154":[0,0],"155":[0,1],"156":[6,0],"157":[6,0],"158":[0,0,0,0],"159":[12,12,12],"160":[0,0],"161":[0,6],"162":[6,0],"163":[6,0],"164":[0,0],"165":[0,0,0],"166":[0,0],"167":[0,0],"168":[0,0,0],"169":[0,0,0,0],"170":[0,0,0],"171":[0,0,0],"172":[0,0],"173":[0,0],"174":[0,0],"175":[0,0],"176":[0,0],"177":[0,0],"178":[0,0],"179":[0,0],"180":[0,0],"181":[0,0],"182":[0,0],"183":[0,0],"184":[0,0],"185":[0,0],"186":[0,0],"187":[0,0],"188":[0,0],"189":[0,0],"190":[0,0],"191":[0,0],"192":[0,0],"193":[0,0],"194":[0,0],"195":[0,0,0],"196":[0,0,0],"197":[0,0],"198":[0,0],"199":[0,0],"200":[0,0],"201":[0,0,0],"202":[0,0,0],"203":[1,1,1],"204":[1,0],"205":[1,1],"206":[1,0]},"f":{"1":1,"2":0,"3":0,"4":0,"5":0,"6":0,"7":0,"8":0,"9":4,"10":0,"11":0,"12":0,"13":0,"14":0,"15":0,"16":0,"17":0,"18":0,"19":0,"20":0,"21":0,"22":0,"23":0,"24":0,"25":0,"26":0,"27":0,"28":0,"29":0,"30":0,"31":0,"32":0,"33":0,"34":0,"35":0,"36":0,"37":0,"38":0,"39":0,"40":0,"41":0,"42":0,"43":0,"44":0,"45":0,"46":0,"47":0,"48":0,"49":0,"50":0,"51":0,"52":0,"53":0,"54":0,"55":0,"56":1,"57":0,"58":0,"59":0,"60":0,"61":0,"62":0,"63":0,"64":0,"65":0,"66":0,"67":0,"68":0,"69":1,"70":0,"71":0,"72":0,"73":6,"74":0,"75":0,"76":0,"77":5,"78":0,"79":0,"80":0,"81":0,"82":0,"83":0,"84":0,"85":0,"86":0,"87":11,"88":1,"89":0,"90":0,"91":0,"92":0,"93":0,"94":0,"95":0,"96":6,"97":0,"98":12,"99":0,"100":6,"101":0,"102":0,"103":0,"104":0,"105":0,"106":0,"107":0,"108":0,"109":0,"110":0,"111":0,"112":0,"113":0},"fnMap":{"1":{"name":"(anonymous_1)","line":10,"loc":{"start":{"line":10,"column":2},"end":{"line":10,"column":13}}},"2":{"name":"addMapEntry","line":178,"loc":{"start":{"line":178,"column":2},"end":{"line":178,"column":34}}},"3":{"name":"addSetEntry","line":192,"loc":{"start":{"line":192,"column":2},"end":{"line":192,"column":35}}},"4":{"name":"apply","line":207,"loc":{"start":{"line":207,"column":2},"end":{"line":207,"column":38}}},"5":{"name":"arrayEach","line":227,"loc":{"start":{"line":227,"column":2},"end":{"line":227,"column":38}}},"6":{"name":"arrayPush","line":247,"loc":{"start":{"line":247,"column":2},"end":{"line":247,"column":36}}},"7":{"name":"arrayReduce","line":270,"loc":{"start":{"line":270,"column":2},"end":{"line":270,"column":64}}},"8":{"name":"baseTimes","line":292,"loc":{"start":{"line":292,"column":2},"end":{"line":292,"column":34}}},"9":{"name":"checkGlobal","line":309,"loc":{"start":{"line":309,"column":2},"end":{"line":309,"column":30}}},"10":{"name":"isHostObject","line":320,"loc":{"start":{"line":320,"column":2},"end":{"line":320,"column":31}}},"11":{"name":"iteratorToArray","line":339,"loc":{"start":{"line":339,"column":2},"end":{"line":339,"column":37}}},"12":{"name":"mapToArray","line":356,"loc":{"start":{"line":356,"column":2},"end":{"line":356,"column":27}}},"13":{"name":"(anonymous_13)","line":360,"loc":{"start":{"line":360,"column":16},"end":{"line":360,"column":37}}},"14":{"name":"setToArray","line":373,"loc":{"start":{"line":373,"column":2},"end":{"line":373,"column":27}}},"15":{"name":"(anonymous_15)","line":377,"loc":{"start":{"line":377,"column":16},"end":{"line":377,"column":32}}},"16":{"name":"lodash","line":566,"loc":{"start":{"line":566,"column":2},"end":{"line":566,"column":20}}},"17":{"name":"Hash","line":579,"loc":{"start":{"line":579,"column":2},"end":{"line":579,"column":25}}},"18":{"name":"hashClear","line":597,"loc":{"start":{"line":597,"column":2},"end":{"line":597,"column":23}}},"19":{"name":"hashDelete","line":611,"loc":{"start":{"line":611,"column":2},"end":{"line":611,"column":27}}},"20":{"name":"hashGet","line":624,"loc":{"start":{"line":624,"column":2},"end":{"line":624,"column":24}}},"21":{"name":"hashHas","line":642,"loc":{"start":{"line":642,"column":2},"end":{"line":642,"column":24}}},"22":{"name":"hashSet","line":657,"loc":{"start":{"line":657,"column":2},"end":{"line":657,"column":31}}},"23":{"name":"ListCache","line":679,"loc":{"start":{"line":679,"column":2},"end":{"line":679,"column":30}}},"24":{"name":"listCacheClear","line":697,"loc":{"start":{"line":697,"column":2},"end":{"line":697,"column":28}}},"25":{"name":"listCacheDelete","line":710,"loc":{"start":{"line":710,"column":2},"end":{"line":710,"column":32}}},"26":{"name":"listCacheGet","line":735,"loc":{"start":{"line":735,"column":2},"end":{"line":735,"column":29}}},"27":{"name":"listCacheHas","line":751,"loc":{"start":{"line":751,"column":2},"end":{"line":751,"column":29}}},"28":{"name":"listCacheSet","line":765,"loc":{"start":{"line":765,"column":2},"end":{"line":765,"column":36}}},"29":{"name":"MapCache","line":793,"loc":{"start":{"line":793,"column":2},"end":{"line":793,"column":29}}},"30":{"name":"mapCacheClear","line":811,"loc":{"start":{"line":811,"column":2},"end":{"line":811,"column":27}}},"31":{"name":"mapCacheDelete","line":828,"loc":{"start":{"line":828,"column":2},"end":{"line":828,"column":31}}},"32":{"name":"mapCacheGet","line":841,"loc":{"start":{"line":841,"column":2},"end":{"line":841,"column":28}}},"33":{"name":"mapCacheHas","line":854,"loc":{"start":{"line":854,"column":2},"end":{"line":854,"column":28}}},"34":{"name":"mapCacheSet","line":868,"loc":{"start":{"line":868,"column":2},"end":{"line":868,"column":35}}},"35":{"name":"Stack","line":889,"loc":{"start":{"line":889,"column":2},"end":{"line":889,"column":26}}},"36":{"name":"stackClear","line":900,"loc":{"start":{"line":900,"column":2},"end":{"line":900,"column":24}}},"37":{"name":"stackDelete","line":913,"loc":{"start":{"line":913,"column":2},"end":{"line":913,"column":28}}},"38":{"name":"stackGet","line":926,"loc":{"start":{"line":926,"column":2},"end":{"line":926,"column":25}}},"39":{"name":"stackHas","line":939,"loc":{"start":{"line":939,"column":2},"end":{"line":939,"column":25}}},"40":{"name":"stackSet","line":953,"loc":{"start":{"line":953,"column":2},"end":{"line":953,"column":32}}},"41":{"name":"assignMergeValue","line":980,"loc":{"start":{"line":980,"column":2},"end":{"line":980,"column":48}}},"42":{"name":"assignValue","line":997,"loc":{"start":{"line":997,"column":2},"end":{"line":997,"column":43}}},"43":{"name":"assocIndexOf","line":1013,"loc":{"start":{"line":1013,"column":2},
[...]
   * // => true","   *","   * _.isObject(_.noop);","   * // => true","   *","   * _.isObject(null);","   * // => false","   */","  function isObject(value) {","    var type = typeof value;","    return !!value && (type == 'object' || type == 'function');","  }","","  /**","   * Checks if `value` is object-like. A value is object-like if it's not `null`","   * and has a `typeof` result of \"object\".","   *","   * @static","   * @memberOf _","   * @since 4.0.0","   * @category Lang","   * @param {*} value The value to check.","   * @returns {boolean} Returns `true` if `value` is object-like, else `false`.","   * @example","   *","   * _.isObjectLike({});","   * // => true","   *","   * _.isObjectLike([1, 2, 3]);","   * // => true","   *","   * _.isObjectLike(_.noop);","   * // => false","   *","   * _.isObjectLike(null);","   * // => false","   */","  function isObjectLike(value) {","    return !!value && typeof value == 'object';","  }","","  /**","   * Checks if `value` is a native function.","   *","   * @static","   * @memberOf _","   * @since 3.0.0","   * @category Lang","   * @param {*} value The value to check.","   * @returns {boolean} Returns `true` if `value` is a native function,","   *  else `false`.","   * @example","   *","   * _.isNative(Array.prototype.push);","   * // => true","   *","   * _.isNative(_);","   * // => false","   */","  function isNative(value) {","    if (!isObject(value)) {","      return false;","    }","    var pattern = (isFunction(value) || isHostObject(value)) ? reIsNative : reIsHostCtor;","    return pattern.test(toSource(value));","  }","","  /**","   * Checks if `value` is a plain object, that is, an object created by the","   * `Object` constructor or one with a `[[Prototype]]` of `null`.","   *","   * @static","   * @memberOf _","   * @since 0.8.0","   * @category Lang","   * @param {*} value The value to check.","   * @returns {boolean} Returns `true` if `value` is a plain object,","   *  else `false`.","   * @example","   *","   * function Foo() {","   *   this.a = 1;","   * }","   *","   * _.isPlainObject(new Foo);","   * // => false","   *","   * _.isPlainObject([1, 2, 3]);","   * // => false","   *","   * _.isPlainObject({ 'x': 0, 'y': 0 });","   * // => true","   *","   * _.isPlainObject(Object.create(null));","   * // => true","   */","  function isPlainObject(value) {","    if (!isObjectLike(value) ||","        objectToString.call(value) != objectTag || isHostObject(value)) {","      return false;","    }","    var proto = getPrototype(value);","    if (proto === null) {","      return true;","    }","    var Ctor = hasOwnProperty.call(proto, 'constructor') && proto.constructor;","    return (typeof Ctor == 'function' &&","      Ctor instanceof Ctor && funcToString.call(Ctor) == objectCtorString);","  }","","  /**","   * Checks if `value` is classified as a `String` primitive or object.","   *","   * @static","   * @since 0.1.0","   * @memberOf _","   * @category Lang","   * @param {*} value The value to check.","   * @returns {boolean} Returns `true` if `value` is correctly classified,","   *  else `false`.","   * @example","   *","   * _.isString('abc');","   * // => true","   *","   * _.isString(1);","   * // => false","   */","  function isString(value) {","    return typeof value == 'string' ||","      (!isArray(value) && isObjectLike(value) && objectToString.call(value) == stringTag);","  }","","  /**","   * Checks if `value` is classified as a `Symbol` primitive or object.","   *","   * @static","   * @memberOf _","   * @since 4.0.0","   * @category Lang","   * @param {*} value The value to check.","   * @returns {boolean} Returns `true` if `value` is correctly classified,","   *  else `false`.","   * @example","   *","   * _.isSymbol(Symbol.iterator);","   * // => true","   *","   * _.isSymbol('abc');","   * // => false","   */","  function isSymbol(value) {","    return typeof value == 'symbol' ||","      (isObjectLike(value) && objectToString.call(value) == symbolTag);","  }","","  /**","   * Checks if `value` is classified as a typed array.","   *","   * @static","   * @memberOf _","   * @since 3.0.0","   * @category Lang","   * @param {*} value The value to check.","   * @returns {boolean} Returns `true` if `value` is correctly classified,","   *  else `false`.","   * @example","   *","   * _.isTypedArray(new Uint8Array);","   * // => true","   *","   * _.isTypedArray([]);","   * // => false","   */","  function isTypedArray(value) {","    return isObjectLike(value) &&","      isLength(value.length) && !!typedArrayTags[objectToString.call(value)];","  }","","  /**","   * Converts `value` to a finite number.","   *","   * @static","   * @memberOf _","   * @since 4.12.0","   * @category Lang","   * @param {*} value The value to convert.","   * @returns {number} Returns the converted number.","   * @example","   *","   * _.toFinite(3.2);","   * // => 3.2","   *","   * _.toFinite(Number.MIN_VALUE);","   * // => 5e-324","   *","   * _.toFinite(Infinity);","   * // => 1.7976931348623157e+308","   *","   * _.toFinite('3.2');","   * // => 3.2","   */","  function toFinite(value) {","    if (!value) {","      return value === 0 ? value : 0;","    }","    value = toNumber(value);","    if (value === INFINITY || value === -INFINITY) {","      var sign = (value < 0 ? -1 : 1);","      return sign * MAX_INTEGER;","    }","    return value === value ? value : 0;","  }","","  /**","   * Converts `value` to an integer.","   *","   * **Note:** This function is loosely based on","   * [`ToInteger`](http://www.ecma-international.org/ecma-262/6.0/#sec-tointeger).","   *","   * @static","   * @memberOf _","   * @since 4.0.0","   * @category Lang","   * @param {*} value The value to convert.","   * @returns {number} Returns the converted integer.","   * @example","   *","   * _.toInteger(3.2);","   * // => 3","   *","   * _.toInteger(Number.MIN_VALUE);","   * // => 0","   *","   * _.toInteger(Infinity);","   * // => 1.7976931348623157e+308","   *","   * _.toInteger('3.2');","   * // => 3","   */","  function toInteger(value) {","    var result = toFinite(value),","        remainder = result % 1;","","    return result === result ? (remainder ? result - remainder : result) : 0;","  }","","  /**","   * Converts `value` to a number.","   *","   * @static","   * @memberOf _","   * @since 4.0.0","   * @category Lang","   * @param {*} value The value to process.","   * @returns {number} Returns the number.","   * @example","   *","   * _.toNumber(3.2);","   * // => 3.2","   *","   * _.toNumber(Number.MIN_VALUE);","   * // => 5e-324","   *","   * _.toNumber(Infinity);","   * // => Infinity","   *","   * _.toNumber('3.2');","   * // => 3.2","   */","  function toNumber(value) {","    if (typeof value == 'number') {","      return value;","    }","    if (isSymbol(value)) {","      return NAN;","    }","    if (isObject(value)) {","      var other = isFunction(value.valueOf) ? value.valueOf() : value;","      value = isObject(other) ? (other + '') : other;","    }","    if (typeof value != 'string') {","      return value === 0 ? value : +value;","    }","    value = value.replace(reTrim, '');","    var isBinary = reIsBinary.test(value);","    return (isBinary || reIsOctal.test(value))","      ? freeParseInt(value.slice(2), isBinary ? 2 : 8)","      : (reIsBadHex.test(value) ? NAN : +value);","  }","","  /**","   * Converts `value` to a plain object flattening inherited enumerable string","   * keyed properties of `value` to own properties of the plain object.","   *","   * @static","   * @memberOf _","   * @since 3.0.0","   * @category Lang","   * @param {*} value The value to convert.","   * @returns {Object} Returns the converted plain object.","   * @example","   *","   * function Foo() {","   *   this.b = 2;","   * }","   *","   * Foo.prototype.c = 3;","   *","   * _.assign({ 'a': 1 }, new Foo);","   * // => { 'a': 1, 'b': 2 }","   *","   * _.assign({ 'a': 1 }, _.toPlainObject(new Foo));","   * // => { 'a': 1, 'b': 2, 'c': 3 }","   */","  function toPlainObject(value) {","    return copyObject(value, keysIn(value));","  }","","  /*------------------------------------------------------------------------*/","","  /**","   * Creates an array of the own enumerable property names of `object`.","   *","   * **Note:** Non-object values are coerced to objects. See the","   * [ES spec](http://ecma-international.org/ecma-262/6.0/#sec-object.keys)","   * for more details.","   *","   * @static","   * @since 0.1.0","   * @memberOf _","   * @category Object","   * @param {Object} object The object to query.","   * @returns {Array} Returns the array of property names.","   * @example","   *","   * function Foo() {","   *   this.a = 1;","   *   this.b = 2;","   * }","   *","   * Foo.prototype.c = 3;","   *","   * _.keys(new Foo);","   * // => ['a', 'b'] (iteration order is not guaranteed)","   *","   * _.keys('hi');","   * // => ['0', '1']","   */","  function keys(object) {","    var isProto = isPrototype(object);","    if (!(isProto || isArrayLike(object))) {","      return baseKeys(object);","    }","    var indexes = indexKeys(object),","        skipIndexes = !!indexes,","        result = indexes || [],","        length = result.length;","","    for (var key in object) {","      if (baseHas(object, key) &&","          !(skipIndexes && (key == 'length' || isIndex(key, length))) &&","          !(isProto && key == 'constructor')) {","        result.push(key);","      }","    }","    return result;","  }","","  /**","   * Creates an array of the own and inherited enumerable property names of `object`.","   *","   * **Note:** Non-object values are coerced to objects.","   *","   * @static","   * @memberOf _","   * @since 3.0.0","   * @category Object","   * @param {Object} object The object to query.","   * @returns {Array} Returns the array of property names.","   * @example","   *","   * function Foo() {","   *   this.a = 1;","   *   this.b = 2;","   * }","   *","   * Foo.prototype.c = 3;","   *","   * _.keysIn(new Foo);","   * // => ['a', 'b', 'c'] (iteration order is not guaranteed)","   */","  function keysIn(object) {","    var index = -1,","        isProto = isPrototype(object),","        props = baseKeysIn(object),","        propsLength = props.length,","        indexes = indexKeys(object),","        skipIndexes = !!indexes,","        result = indexes || [],","        length = result.length;","","    while (++index < propsLength) {","      var key = props[index];","      if (!(skipIndexes && (key == 'length' || isIndex(key, length))) &&","          !(key == 'constructor' && (isProto || !hasOwnProperty.call(object, key)))) {","        result.push(key);","      }","    }","    return result;","  }","","  /**","   * This method is like `_.assign` except that it recursively merges own and","   * inherited enumerable string keyed properties of source objects into the","   * destination object. Source properties that resolve to `undefined` are","   * skipped if a destination value exists. Array and plain object properties","   * are merged recursively. Other objects and value types are overridden by","   * assignment. Source objects are applied from left to right. Subsequent","   * sources overwrite property assignments of previous sources.","   *","   * **Note:** This method mutates `object`.","   *","   * @static","   * @memberOf _","   * @since 0.5.0","   * @category Object","   * @param {Object} object The destination object.","   * @param {...Object} [sources] The source objects.","   * @returns {Object} Returns `object`.","   * @example","   *","   * var users = {","   *   'data': [{ 'user': 'barney' }, { 'user': 'fred' }]","   * };","   *","   * var ages = {","   *   'data': [{ 'age': 36 }, { 'age': 40 }]","   * };","   *","   * _.merge(users, ages);","   * // => { 'data': [{ 'user': 'barney', 'age': 36 }, { 'user': 'fred', 'age': 40 }] }","   */","  var merge = createAssigner(function(object, source, srcIndex) {","    baseMerge(object, source, srcIndex);","  });","","  /*------------------------------------------------------------------------*/","","  /**","   * Creates a function that returns `value`.","   *","   * @static","   * @memberOf _","   * @since 2.4.0","   * @category Util","   * @param {*} value The value to return from the new function.","   * @returns {Function} Returns the new constant function.","   * @example","   *","   * var object = { 'user': 'fred' };","   * var getter = _.constant(object);","   *","   * getter() === object;","   * // => true","   */","  function constant(value) {","    return function() {","      return value;","    };","  }","","  /*------------------------------------------------------------------------*/","","  // Add methods that return wrapped values in chain sequences.","  lodash.constant = constant;","  lodash.keys = keys;","  lodash.keysIn = keysIn;","  lodash.merge = merge;","  lodash.rest = rest;","  lodash.toPlainObject = toPlainObject;","","  /*------------------------------------------------------------------------*/","","  // Add methods that return unwrapped values in chain sequences.","  lodash.cloneDeep = cloneDeep;","  lodash.eq = eq;","  lodash.isArguments = isArguments;","  lodash.isArray = isArray;","  lodash.isArrayLike = isArrayLike;","  lodash.isArrayLikeObject = isArrayLikeObject;","  lodash.isBuffer = isBuffer;","  lodash.isFunction = isFunction;","  lodash.isLength = isLength;","  lodash.isNative = isNative;","  lodash.isObject = isObject;","  lodash.isObjectLike = isObjectLike;","  lodash.isPlainObject = isPlainObject;","  lodash.isString = isString;","  lodash.isSymbol = isSymbol;","  lodash.isTypedArray = isTypedArray;","  lodash.toFinite = toFinite;","  lodash.toInteger = toInteger;","  lodash.toNumber = toNumber;","","  /*------------------------------------------------------------------------*/","","  /**","   * The semantic version number.","   *","   * @static","   * @memberOf _","   * @type {string}","   */","  lodash.VERSION = VERSION;","","  /*--------------------------------------------------------------------------*/","","  // Expose Lodash on the free variable `window` or `self` when available so it's","  // globally accessible, even when bundled with Browserify, Webpack, etc. This","  // also prevents errors in cases where Lodash is loaded by a script tag in the","  // presence of an AMD loader. See http://requirejs.org/docs/errors.html#mismatch","  // for more details. Use `_.noConflict` to remove Lodash from the global object.","  (freeWindow || freeSelf || {})._ = lodash;","","  if (freeExports && freeModule) {","    // Export for Node.js.","    if (moduleExports) {","      (freeModule.exports = lodash)._ = lodash;","    }","    // Export for CommonJS support.","    freeExports._ = lodash;","  }","}.call(this));",""],"l":{"10":1,"13":1,"16":1,"19":1,"22":1,"25":1,"28":1,"34":1,"51":1,"67":1,"70":1,"73":1,"76":1,"79":1,"82":1,"85":1,"88":1,"91":1,"92":1,"97":1,"107":1,"108":1,"119":1,"123":1,"129":1,"132":1,"137":1,"142":1,"147":1,"150":1,"153":1,"156":1,"164":1,"178":1,"180":0,"181":0,"192":1,"193":0,"194":0,"207":1,"208":0,"209":0,"210":0,"211":0,"212":0,"213":0,"215":0,"227":1,"228":0,"231":0,"232":0,"233":0,"236":0,"247":1,"248":0,"252":0,"253":0,"255":0,"270":1,"271":0,"274":0,"275":0,"277":0,"278":0,"280":0,"292":1,"293":0,"296":0,"297":0,"299":0,"309":1,"310":4,"320":1,"323":0,"324":0,"325":0,"326":0,"329":0,"339":1,"340":0,"343":0,"344":0,"346":0,"356":1,"357":0,"360":0,"361":0,"363":0,"373":1,"374":0,"377":0,"378":0,"380":0,"386":1,"390":1,"393":1,"396":1,"403":1,"406":1,"412":1,"423":1,"428":1,"436":1,"439":1,"446":1,"566":1,"579":1,"580":0,"583":0,"584":0,"585":0,"586":0,"597":1,"598":0,"611":1,"612":0,"624":1,"625":0,"626":0,"627":0,"628":0,"630":0,"642":1,"643":0,"644":0,"657":1,"658":0,"659":0,"660":0,"664":1,"665":1,"666":1,"667":1,"668":1,"679":1,"680":0,"683":0,"684":0,"685":0,"686":0,"697":1,"698":0,"710":1,"711":0,"714":0,"715":0,"717":0,"718":0,"719":0,"721":0,"723":0,"735":1,"736":0,"739":0,"751":1,"752":0,"765":1,"766":0,"769":0,"770":0,"772":0,"774":0,"778":1,"779":1,"780":1,"781":1,"782":1,"793":1,"794":0,"797":0,"798":0,"799":0,"800":0,"811":1,"812":0,"828":1,"829":0,"841":1,"842":0,"854":1,"855":0,"868":1,"869":0,"870":0,"874":1,"875":1,"876":1,"877":1,"878":1,"889":1,"890":0,"900":1,"901":0,"913":1,"914":0,"926":1,"927":0,"939":1,"940":0,"953":1,"954":0,"955":0,"956":0,"958":0,"959":0,"963":1,"964":1,"965":1,"966":1,"967":1,"980":1,"981":0,"983":0,"997":1,"998":0,"999":0,"1001":0,"1013":1,"1014":0,"1015":0,"1016":0,"1017":0,"1020":0,"1032":1,"1033":0,"1050":1,"1051":0,"1052":0,"1053":0,"1055":0,"1056":0,"1058":0,"1059":0,"1061":0,"1062":0,"1063":0,"1064":0,"1065":0,"1068":0,"1071":0,"1072":0,"1074":0,"1075":0,"1076":0,"1078":0,"1079":0,"1080":0,"1083":0,"1084":0,"1086":0,"1090":0,"1091":0,"1092":0,"1093":0,"1095":0,"1097":0,"1098":0,"1101":0,"1102":0,"1103":0,"1104":0,"1106":0,"1108":0,"1119":1,"1120":0,"1134":1,"1135":0,"1136":0,"1147":1,"1151":0,"1163":1,"1164":0,"1175":1,"1176":0,"1178":0,"1179":0,"1180":0,"1182":0,"1186":1,"1187":0,"1188":0,"1203":1,"1204":0,"1205":0,"1207":0,"1208":0,"1210":0,"1211":0,"1212":0,"1213":0,"1215":0,"1216":0,"1217":0,"1220":0,"1224":0,"1225":0,"1227":0,"1247":1,"1248":0,"1252":0,"1253":0,"1254":0,"1256":0,"1260":0,"1262":0,"1263":0,"1264":0,"1265":0,"1266":0,"1268":0,"1269":0,"1272":0,"1273":0,"1276":0,"1277":0,"1278":0,"1280":0,"1281":0,"1282":0,"1285":0,"1289":0,"1292":0,"1294":0,"1296":0,"1298":0,"1299":0,"1309":1,"1310":1,"1311":0,"1323":1,"1324":0,"1325":0,"1327":0,"1328":0,"1329":0,"1339":1,"1340":0,"1341":0,"1342":0,"1353":1,"1354":0,"1355":0,"1367":1,"1368":0,"1369":0,"1379":1,"1380":0,"1381":0,"1382":0,"1394":1,"1395":0,"1396":0,"1406":1,"1407":0,"1418":1,"1419":0,"1420":0,"1431":1,"1432":0,"1435":0,"1436":0,"1437":0,"1439":0,"1452":1,"1453":0,"1455":0,"1458":0,"1459":0,"1461":0,"1465":0,"1467":0,"1478":1,"1479":0,"1489":1,"1490":1,"1491":0,"1496":0,"1500":0,"1501":0,"1502":0,"1504":0,"1505":0,"1506":0,"1507":0,"1508":0,"1511":0,"1522":1,"1523":0,"1537":1,"1547":1,"1548":0,"1549":0,"1562":1,"1563":6,"1564":6,"1574":1,"1575":0,"1585":1,"1588":0,"1592":1,"1593":0,"1594":0,"1605":1,"1606":5,"1611":1,"1616":0,"1617":0,"1621":0,"1622":0,"1623":0,"1624":0,"1625":0,"1626":0,"1627":0,"1630":0,"1641":1,"1642":0,"1646":0,"1647":0,"1648":0,"1650":0,"1660":1,"1661":0,"1679":1,"1680":0,"1681":0,"1683":0,"1687":0,"1690":0,"1695":0,"1698":0,"1702":0,"1705":0,"1708":0,"1711":0,"1723":1,"1724":0,"1725":0,"1727":0,"1729":0,"1740":1,"1741":0,"1742":0,"1757":1,"1758":0,"1759":0,"1761":0,"1762":0,"1766":0,"1768":0,"1778":1,"1779":0,"1780":0,"1792":1,"1793":0,"1796":0,"1806":1,"1807":11,"1808":11,"1809":11,"1811":0,"1812":0,"1815":0,"1845":1,"1846":1,"1847":0,"1849":1,"1850":1,"1851":0,"1856":0,"1857":0,"1859":0,"1860":0,"1861":0,"1862":0,"1864":0,"1865":0,"1866":0,"1867":0,"1869":0,"1870":0,"1894":1,"1895":0,"1930":1,"1931":0,"1952":1,"1954":0,"1983":1,"2010":1,"2011":0,"2039":1,"2040":0,"2060":1,"2061":0,"2082":1,"2086":6,"2087":6,"2117":1,"2118":0,"2147":1,"2148":12,"2149":12,"2176":1,"2177":0,"2198":1,"2199":6,"2200":0,"2202":6,"2203":6,"2235":1,"2236":0,"2238":0,"2240":0,"2241":0,"2242":0,"2244":0,"2245":0,"2267":1,"2268":0,"2290":1,"2291":0,"2313":1,"2314":0,"2341":1,"2342":0,"2343":0,"2345":0,"2346":0,"2347":0,"2348":0,"2350":0,"2379":1,"2380":0,"2383":0,"2409":1,"2410":0,"2411":0,"2413":0,"2414":0,"2416":0,"2417":0,"2418":0,"2420":0,"2421":0,"2423":0,"2424":0,"2425":0,"2454":1,"2455":0,"2488":1,"2489":0,"2490":0,"2491":0,"2493":0,"2498":0,"2499":0,"2502":0,"2505":0,"2531":1,"2532":0,"2541":0,"2542":0,"2543":0,"2545":0,"2548":0,"2582":1,"2583":0,"2605":1,"2606":0,"2607":0,"2614":1,"2615":1,"2616":1,"2617":1,"2618":1,"2619":1,"2624":1,"2625":1,"2626":1,"2627":1,"2628":1,"2629":1,"2630":1,"2631":1,"2632":1,"2633":1,"2634":1,"2635":1,"2636":1,"2637":1,"2638":1,"2639":1,"2640":1,"2641":1,"2642":1,"2653":1,"2662":1,"2664":1,"2666":1,"2667":1,"2670":1}}}